Loaded 43 templates from checkpoint /home/stork/code/spaghettio/scripts/balancer_checkpoint.json
Merged 13 new template(s) from checkpoint
Loaded 43 existing templates, generating missing shapes
20 shapes to generate: [(5, 5), (5, 6), (6, 5), (6, 6), (3, 7), (7, 3), (7, 4), (5, 7), (7, 5), (6, 7), (7, 6), (7, 7), (8, 3), (5, 8), (8, 5), (6, 8), (8, 6), (7, 8), (8, 7), (8, 8)]
Parallel mode: 16 workers for 20 shapes
Generating (5,5)...
  probing 5x5 at 3x5 (fast)...
Generating (5,6)...
  probing 5x6 at 3x6 (fast)...
Generating (6,5)...Generating (6,6)...

  probing 6x6 at 3x6 (fast)...
  probing 6x5 at 3x6 (fast)...
Generating (3,7)...
  probing 3x7 at 3x7 (fast)...
Generating (7,3)...
  probing 7x3 at 3x7 (fast)...
Generating (7,4)...
  probing 7x4 at 3x7 (fast)...
Generating (5,7)...
  probing 5x7 at 3x7 (fast)...
Generating (7,5)...
  probing 7x5 at 3x7 (fast)...
Generating (6,7)...
  probing 6x7 at 3x7 (fast)...
Generating (7,6)...
  probing 7x6 at 3x7 (fast)...
Generating (7,7)...
  probing 7x7 at 3x7 (fast)...
Generating (8,3)...
  probing 8x3 at 3x8 (fast)...
Generating (5,8)...
  probing 5x8 at 3x8 (fast)...
Generating (8,5)...
Generating (6,8)...  probing 8x5 at 3x8 (fast)...

  probing 6x8 at 3x8 (fast)...
  probing 6x5 at 4x6 (fast)...
  probing 6x8 at 4x8 (fast)...
  probing 5x6 at 4x6 (fast)...  probing 5x8 at 4x8 (fast)...

  probing 7x4 at 4x7 (fast)...
  probing 7x6 at 4x7 (fast)...
  probing 3x7 at 4x7 (fast)...
  probing 7x5 at 4x7 (fast)...
  probing 6x7 at 4x7 (fast)...
  probing 7x3 at 4x7 (fast)...
  probing 5x7 at 4x7 (fast)...
  probing 8x5 at 4x8 (fast)...
  probing 7x7 at 4x7 (fast)...
  probing 8x3 at 4x8 (fast)...
  probing 5x5 at 4x5 (fast)...
  probing 6x6 at 4x6 (fast)...
  probing 6x5 at 5x6 (fast)...
  probing 3x7 at 5x7 (fast)...
  probing 6x8 at 5x8 (fast)...
  probing 8x5 at 5x8 (fast)...
  probing 7x4 at 5x7 (fast)...
  probing 5x8 at 5x8 (fast)...
  probing 5x6 at 5x6 (fast)...
  probing 7x6 at 5x7 (fast)...
  probing 6x7 at 5x7 (fast)...
  probing 5x7 at 5x7 (fast)...
  probing 6x6 at 5x6 (fast)...
  probing 7x5 at 5x7 (fast)...
  probing 7x7 at 5x7 (fast)...
  probing 5x5 at 5x5 (fast)...
  probing 7x3 at 5x7 (fast)...
  probing 8x3 at 5x8 (fast)...
  probing 6x5 at 6x6 (fast)...
  probing 6x8 at 6x8 (fast)...
  probing 6x7 at 6x7 (fast)...
  probing 3x7 at 6x7 (fast)...
  probing 5x6 at 6x6 (fast)...
  probing 5x8 at 6x8 (fast)...
  probing 7x6 at 6x7 (fast)...
  probing 6x6 at 6x6 (fast)...
  probing 5x7 at 6x7 (fast)...  probing 7x7 at 6x7 (fast)...

  probing 7x5 at 6x7 (fast)...
  probing 8x5 at 6x8 (fast)...
  probing 7x3 at 6x7 (fast)...
  probing 7x4 at 6x7 (fast)...
  probing 5x5 at 6x5 (fast)...
  probing 5x6 at 6x6 (full)...
  probing 3x7 at 7x7 (fast)...
  probing 6x7 at 7x7 (fast)...
  probing 8x3 at 6x8 (fast)...
  probing 7x6 at 7x7 (fast)...
  probing 7x7 at 7x7 (fast)...
  probing 6x6 at 6x6 (full)...
  probing 6x5 at 6x6 (full)...
  probing 5x7 at 7x7 (fast)...
  probing 6x8 at 7x8 (fast)...
  probing 5x5 at 7x5 (fast)...
  probing 7x5 at 7x7 (fast)...
  probing 7x3 at 7x7 (fast)...
  probing 5x6 at 7x6 (fast)...
  probing 7x4 at 7x7 (fast)...
  probing 5x5 at 8x5 (fast)...
  probing 6x7 at 7x7 (full)...
  probing 6x8 at 8x8 (fast)...
  probing 5x8 at 7x8 (fast)...
  probing 5x7 at 7x7 (full)...
  probing 6x5 at 7x6 (fast)...
  probing 8x5 at 7x8 (fast)...
  probing 8x3 at 7x8 (fast)...
  probing 7x4 at 7x7 (full)...
  probing 6x6 at 7x6 (fast)...
  probing 3x7 at 7x7 (full)...
  probing 5x6 at 7x6 (full)...
  probing 7x6 at 7x7 (full)...
  probing 8x5 at 8x8 (fast)...
  probing 7x7 at 7x7 (full)...
  probing 6x5 at 7x6 (full)...
  probing 6x7 at 8x7 (fast)...
  probing 5x5 at 9x5 (fast)...
  probing 7x3 at 7x7 (full)...
  probing 5x6 at 8x6 (fast)...
  probing 7x5 at 7x7 (full)...
  probing 6x6 at 7x6 (full)...
  probing 5x7 at 8x7 (fast)...
  probing 5x8 at 8x8 (fast)...
  probing 3x7 at 8x7 (fast)...
  probing 6x8 at 8x8 (full)...
  probing 7x6 at 8x7 (fast)...
  probing 7x4 at 8x7 (fast)...
  probing 7x7 at 8x7 (fast)...
  probing 6x5 at 8x6 (fast)...
  probing 6x6 at 8x6 (fast)...
  probing 8x3 at 8x8 (fast)...
  probing 7x5 at 8x7 (fast)...
  probing 8x5 at 8x8 (full)...
  probing 5x5 at 10x5 (fast)...
  probing 6x7 at 8x7 (full)...
  probing 5x6 at 8x6 (full)...
  probing 5x7 at 8x7 (full)...
  probing 7x7 at 8x7 (full)...
  probing 7x3 at 8x7 (fast)...
  probing 7x6 at 8x7 (full)...
  probing 6x8 at 9x8 (fast)...
  probing 6x5 at 8x6 (full)...
  probing 5x8 at 8x8 (full)...
  probing 6x6 at 8x6 (full)...
  probing 7x4 at 8x7 (full)...
  probing 5x5 at 11x5 (fast)...
  probing 5x6 at 9x6 (fast)...
  probing 7x5 at 8x7 (full)...
  probing 6x7 at 9x7 (fast)...
  probing 5x7 at 9x7 (fast)...
  probing 7x7 at 9x7 (fast)...
  probing 7x6 at 9x7 (fast)...
  probing 6x6 at 9x6 (fast)...
  probing 6x5 at 9x6 (fast)...
  probing 6x8 at 9x8 (full)...
  probing 5x8 at 9x8 (fast)...
  probing 8x5 at 9x8 (fast)...
  probing 7x5 at 9x7 (fast)...
  probing 5x6 at 9x6 (full)...
  probing 6x7 at 9x7 (full)...
  probing 6x5 at 9x6 (full)...  probing 5x7 at 9x7 (full)...

  probing 7x7 at 9x7 (full)...
  probing 6x6 at 9x6 (full)...
  probing 7x6 at 9x7 (full)...
  probing 6x7 at 10x7 (fast)...
  probing 5x6 at 10x6 (fast)...
  probing 5x5 at 12x5 (fast)...
  probing 6x5 at 10x6 (fast)...
  probing 7x5 at 9x7 (full)...
  probing 8x3 at 8x8 (full)...
  probing 8x5 at 9x8 (full)...
  probing 5x7 at 10x7 (fast)...
  probing 7x3 at 8x7 (full)...
  probing 7x6 at 10x7 (fast)...
  probing 6x6 at 10x6 (fast)...
  probing 5x8 at 9x8 (full)...
  probing 3x7 at 8x7 (full)...
  probing 5x6 at 10x6 (full)...
  probing 6x5 at 10x6 (full)...
  probing 6x7 at 10x7 (full)...
  probing 7x7 at 10x7 (fast)...
  probing 5x7 at 10x7 (full)...
  probing 7x5 at 10x7 (fast)...
  probing 6x6 at 10x6 (full)...
  probing 7x6 at 10x7 (full)...
  probing 5x6 at 11x6 (fast)...
  probing 6x8 at 10x8 (fast)...
  probing 6x5 at 11x6 (fast)...
  probing 7x4 at 9x7 (fast)...
  probing 6x7 at 11x7 (fast)...
  probing 5x8 at 10x8 (fast)...
  probing 7x7 at 10x7 (full)...
  probing 5x7 at 11x7 (fast)...
  probing 5x5 at 13x5 (fast)...
  probing 3x7 at 9x7 (fast)...
  probing 7x4 at 9x7 (full)...
  probing 7x5 at 10x7 (full)...
  probing 5x6 at 11x6 (full)...
  probing 6x5 at 11x6 (full)...
  probing 8x5 at 10x8 (fast)...
  probing 6x7 at 11x7 (full)...
  probing 7x6 at 11x7 (fast)...
  probing 5x6 at 12x6 (fast)...
  probing 7x3 at 9x7 (fast)...
  probing 5x7 at 11x7 (full)...
  probing 7x5 at 11x7 (fast)...
  probing 6x8 at 10x8 (full)...
  probing 6x5 at 12x6 (fast)...
  probing 5x8 at 10x8 (full)...
  probing 6x7 at 12x7 (fast)...
  probing 5x6 at 12x6 (full)...
  probing 8x5 at 10x8 (full)...
  probing 7x6 at 11x7 (full)...
  probing 7x5 at 11x7 (full)...
  probing 6x5 at 12x6 (full)...
  probing 5x7 at 12x7 (fast)...
  probing 5x6 at 13x6 (fast)...
  probing 6x7 at 12x7 (full)...
  probing 5x8 at 11x8 (fast)...
  probing 6x8 at 11x8 (fast)...
  probing 5x5 at 14x5 (fast)...
  probing 7x6 at 12x7 (fast)...
  probing 6x6 at 11x6 (fast)...
  probing 7x5 at 12x7 (fast)...
  probing 5x7 at 12x7 (full)...
  probing 6x5 at 13x6 (fast)...
  probing 5x6 at 13x6 (full)...
  probing 6x6 at 11x6 (full)...
  probing 6x7 at 13x7 (fast)...
  probing 6x5 at 13x6 (full)...
  probing 7x6 at 12x7 (full)...
  probing 7x7 at 11x7 (fast)...
  probing 5x6 at 14x6 (fast)...
  probing 7x3 at 9x7 (full)...
  probing 7x5 at 12x7 (full)...
  probing 5x7 at 13x7 (fast)...
  probing 7x7 at 11x7 (full)...
  probing 6x5 at 14x6 (fast)...
  probing 5x5 at 15x5 (fast)...
  probing 8x5 at 11x8 (fast)...
  probing 3x7 at 9x7 (full)...
  probing 8x3 at 9x8 (fast)...
  probing 6x5 at 14x6 (full)...
  probing 5x7 at 13x7 (full)...
  probing 5x8 at 11x8 (full)...
  probing 7x5 at 13x7 (fast)...
  probing 8x3 at 9x8 (full)...
  probing 7x6 at 13x7 (fast)...
  probing 7x3 at 10x7 (fast)...
  probing 6x8 at 11x8 (full)...
  probing 5x7 at 14x7 (fast)...
  probing 7x5 at 13x7 (full)...
  probing 6x5 at 15x6 (fast)...
  probing 5x6 at 14x6 (full)...
  probing 5x8 at 12x8 (fast)...
  probing 7x3 at 10x7 (full)...
  probing 6x6 at 12x6 (fast)...
  probing 7x4 at 10x7 (fast)...
  probing 6x6 at 12x6 (full)...
  probing 7x4 at 10x7 (full)...
  probing 5x6 at 15x6 (fast)...
  probing 6x5 at 15x6 (full)...
  probing 3x7 at 10x7 (fast)...
  probing 6x8 at 12x8 (fast)...
  probing 8x5 at 11x8 (full)...
  probing 5x6 at 15x6 (full)...
  probing 3x7 at 10x7 (full)...
  probing 5x7 at 14x7 (full)...
  probing 7x6 at 13x7 (full)...
  probing 3x7 at 11x7 (fast)...
  probing 6x7 at 13x7 (full)...
  probing 5x5 at 16x5 (fast)...
  probing 5x6 at 16x6 (fast)...
  -> solved at 10x7 (full)
  ports: inputs=[(6, 0)], outputs=[(2, 9), (3, 9), (4, 9), (5, 9)]
  footprint: 7W x 10H
Generating (8,6)...
  probing 8x6 at 3x8 (fast)...
  probing 8x6 at 4x8 (fast)...
  probing 7x7 at 12x7 (fast)...
  probing 8x6 at 5x8 (fast)...
  probing 8x6 at 6x8 (fast)...
  probing 7x5 at 14x7 (fast)...
  probing 8x6 at 7x8 (fast)...
  probing 8x6 at 8x8 (fast)...
  probing 8x6 at 8x8 (full)...
  probing 6x7 at 14x7 (fast)...
  probing 8x6 at 9x8 (fast)...
  probing 8x6 at 9x8 (full)...
  probing 8x6 at 10x8 (fast)...
  probing 8x6 at 10x8 (full)...
  probing 7x7 at 12x7 (full)...
  probing 6x5 at 16x6 (fast)...
  probing 7x3 at 11x7 (fast)...
  probing 8x6 at 11x8 (fast)...
  probing 5x5 at 17x5 (fast)...
  probing 7x5 at 14x7 (full)...
  probing 8x6 at 11x8 (full)...
  probing 6x5 at 16x6 (full)...
  probing 5x6 at 16x6 (full)...
  probing 5x7 at 15x7 (fast)...
  -> solved at 9x8 (full)
  ports: inputs=[(0, 2), (7, 2)], outputs=[(3, 8), (4, 8), (5, 8)]
  footprint: 8W x 9H
Generating (7,8)...
  probing 7x8 at 3x8 (fast)...
  probing 7x8 at 4x8 (fast)...
  probing 7x8 at 5x8 (fast)...
  probing 7x8 at 6x8 (fast)...
  probing 7x8 at 7x8 (fast)...
  probing 8x5 at 12x8 (fast)...
  probing 7x8 at 8x8 (fast)...
  probing 7x8 at 8x8 (full)...
  probing 7x8 at 9x8 (fast)...
  probing 7x8 at 9x8 (full)...
  probing 7x8 at 10x8 (fast)...
  probing 7x8 at 10x8 (full)...
  probing 7x8 at 11x8 (fast)...
  probing 7x8 at 11x8 (full)...
  probing 7x8 at 12x8 (fast)...
  probing 7x8 at 12x8 (full)...
  probing 5x5 at 18x5 (fast)...
    timeout after 120s at 12x8 (fast=True)
  probing 5x8 at 12x8 (full)...
  probing 7x8 at 13x8 (fast)...
  probing 6x7 at 14x7 (full)...
  probing 7x6 at 14x7 (fast)...
    timeout after 120s at 12x8 (fast=True)
  probing 6x8 at 12x8 (full)...
  probing 5x6 at 17x6 (fast)...
    timeout after 120s at 11x7 (fast=True)
  probing 3x7 at 11x7 (full)...
  probing 6x7 at 15x7 (fast)...
    timeout after 120s at 11x7 (fast=True)
  probing 7x3 at 11x7 (full)...
  probing 7x8 at 13x8 (full)...
  probing 5x8 at 13x8 (fast)...
    timeout after 120s at 15x7 (fast=True)
  probing 5x7 at 15x7 (full)...
    timeout after 120s at 12x8 (fast=True)
  probing 8x5 at 12x8 (full)...
  probing 5x5 at 19x5 (fast)...
  probing 8x6 at 12x8 (fast)...
    timeout after 120s at 14x7 (fast=True)
  probing 7x6 at 14x7 (full)...
  probing 6x6 at 13x6 (fast)...
    timeout after 120s at 17x6 (fast=True)
  probing 5x6 at 17x6 (full)...
  probing 6x7 at 15x7 (full)...
  probing 6x6 at 13x6 (full)...
  -> solved at 19x5 (fast)
  ports: inputs=[(0, 0), (1, 0), (2, 0), (3, 0), (4, 0)], outputs=[(0, 18), (1, 18), (2, 18), (3, 18), (4, 18)]
  footprint: 5W x 19H
Generating (8,7)...
  probing 8x7 at 3x8 (fast)...
  probing 8x7 at 4x8 (fast)...
  probing 8x7 at 5x8 (fast)...
  probing 8x7 at 6x8 (fast)...
  probing 8x7 at 7x8 (fast)...
  probing 8x7 at 8x8 (fast)...
  probing 8x7 at 8x8 (full)...
  probing 8x7 at 9x8 (fast)...
  probing 8x7 at 9x8 (full)...
  probing 8x7 at 10x8 (fast)...
  probing 8x7 at 10x8 (full)...
  probing 8x7 at 11x8 (fast)...
  probing 8x7 at 11x8 (full)...
  probing 6x5 at 17x6 (fast)...
  probing 8x7 at 12x8 (fast)...
  probing 8x7 at 12x8 (full)...
  probing 7x8 at 14x8 (fast)...
    timeout after 120s at 13x8 (fast=True)
  probing 5x8 at 13x8 (full)...
    timeout after 300s at 12x7 (fast=False)
  probing 7x7 at 13x7 (fast)...
    timeout after 120s at 12x8 (fast=True)
  probing 8x6 at 12x8 (full)...
    timeout after 300s at 14x7 (fast=False)
  probing 7x5 at 15x7 (fast)...
  probing 7x7 at 13x7 (full)...
  probing 6x8 at 13x8 (fast)...
  probing 6x5 at 17x6 (full)...
    timeout after 120s at 14x8 (fast=True)
  probing 7x8 at 14x8 (full)...
    timeout after 300s at 11x7 (fast=False)
  probing 3x7 at 12x7 (fast)...
  probing 8x7 at 13x8 (fast)...
  probing 7x5 at 15x7 (full)...
    timeout after 300s at 11x7 (fast=False)
  probing 7x3 at 12x7 (fast)...
    timeout after 300s at 15x7 (fast=False)
  probing 5x7 at 16x7 (fast)...
    timeout after 300s at 12x8 (fast=False)
  probing 8x5 at 13x8 (fast)...
  probing 6x6 at 14x6 (fast)...
    timeout after 120s at 13x8 (fast=True)
  probing 6x8 at 13x8 (full)...
  -> solved at 12x7 (fast)
  ports: inputs=[(0, 0), (1, 0), (2, 0), (3, 0), (4, 0), (5, 0)], outputs=[(1, 11), (2, 11), (3, 11)]
  footprint: 7W x 12H
Generating (8,8)...
  probing 8x8 at 3x8 (fast)...
  probing 8x8 at 4x8 (fast)...
  probing 8x8 at 5x8 (fast)...
  probing 8x8 at 6x8 (fast)...
  probing 8x8 at 7x8 (fast)...
  probing 8x8 at 8x8 (fast)...
  probing 8x8 at 8x8 (full)...
  probing 8x8 at 9x8 (fast)...
  probing 8x8 at 9x8 (full)...
  probing 8x8 at 10x8 (fast)...
  probing 8x8 at 10x8 (full)...
  probing 8x7 at 13x8 (full)...
    timeout after 300s at 14x7 (fast=False)
  probing 7x6 at 15x7 (fast)...
    timeout after 300s at 17x6 (fast=False)
  probing 5x6 at 18x6 (fast)...
  probing 8x8 at 11x8 (fast)...
  probing 8x8 at 11x8 (full)...
    timeout after 120s at 12x7 (fast=True)
  probing 3x7 at 12x7 (full)...
    timeout after 300s at 15x7 (fast=False)
  probing 6x7 at 16x7 (fast)...
    timeout after 300s at 13x8 (fast=False)
  probing 5x8 at 14x8 (fast)...
    timeout after 120s at 16x7 (fast=True)
  probing 5x7 at 16x7 (full)...
    timeout after 120s at 13x8 (fast=True)
  probing 8x5 at 13x8 (full)...
  probing 7x6 at 15x7 (full)...
    timeout after 120s at 14x6 (fast=True)
  probing 6x6 at 14x6 (full)...
  -> solved at 12x7 (full)
  ports: inputs=[(4, 0), (5, 0), (6, 0)], outputs=[(0, 11), (1, 11), (2, 11), (3, 11), (4, 11), (5, 11), (6, 11)]
  footprint: 7W x 12H
    timeout after 300s at 12x8 (fast=False)
  probing 8x6 at 13x8 (fast)...
    timeout after 120s at 18x6 (fast=True)
  probing 5x6 at 18x6 (full)...
    timeout after 300s at 13x7 (fast=False)
  probing 7x7 at 14x7 (fast)...
    timeout after 120s at 16x7 (fast=True)
  probing 6x7 at 16x7 (full)...
    timeout after 300s at 17x6 (fast=False)
  probing 6x5 at 18x6 (fast)...
    timeout after 300s at 14x8 (fast=False)
  probing 7x8 at 15x8 (fast)...
    timeout after 120s at 14x8 (fast=True)
  probing 5x8 at 14x8 (full)...
    timeout after 300s at 15x7 (fast=False)
  probing 7x5 at 16x7 (fast)...
    timeout after 120s at 13x8 (fast=True)
  probing 8x6 at 13x8 (full)...
    timeout after 120s at 14x7 (fast=True)
  probing 7x7 at 14x7 (full)...
    timeout after 300s at 13x8 (fast=False)
  probing 6x8 at 14x8 (fast)...
    timeout after 120s at 18x6 (fast=True)
  probing 6x5 at 18x6 (full)...
    timeout after 300s at 13x8 (fast=False)
  probing 8x7 at 14x8 (fast)...
    timeout after 120s at 15x8 (fast=True)
  probing 7x8 at 15x8 (full)...
    timeout after 300s at 11x8 (fast=False)
  probing 8x8 at 12x8 (fast)...
  -> solved at 12x8 (fast)
  ports: inputs=[(0, 0), (1, 0), (2, 0), (3, 0), (4, 0), (5, 0), (6, 0), (7, 0)], outputs=[(0, 11), (1, 11), (2, 11), (3, 11), (4, 11), (5, 11), (6, 11), (7, 11)]
  footprint: 8W x 12H
    timeout after 120s at 16x7 (fast=True)
  probing 7x5 at 16x7 (full)...
    timeout after 300s at 16x7 (fast=False)
  probing 5x7 at 17x7 (fast)...
    timeout after 300s at 13x8 (fast=False)
  probing 8x5 at 14x8 (fast)...
    timeout after 300s at 15x7 (fast=False)
  probing 7x6 at 16x7 (fast)...
    timeout after 300s at 14x6 (fast=False)
  probing 6x6 at 15x6 (fast)...
    timeout after 120s at 14x8 (fast=True)
  probing 6x8 at 14x8 (full)...
    timeout after 120s at 14x8 (fast=True)
  probing 8x7 at 14x8 (full)...
  -> solved at 15x6 (fast)
  ports: inputs=[(0, 0), (1, 0), (2, 0), (3, 0), (4, 0), (5, 0)], outputs=[(0, 14), (1, 14), (2, 14), (3, 14), (4, 14), (5, 14)]
  footprint: 6W x 15H
    timeout after 300s at 18x6 (fast=False)
  probing 5x6 at 19x6 (fast)...
    timeout after 300s at 16x7 (fast=False)
  probing 6x7 at 17x7 (fast)...
    timeout after 300s at 14x8 (fast=False)
  probing 5x8 at 15x8 (fast)...
    timeout after 120s at 17x7 (fast=True)
  probing 5x7 at 17x7 (full)...
    timeout after 120s at 14x8 (fast=True)
  probing 8x5 at 14x8 (full)...
    timeout after 120s at 16x7 (fast=True)
  probing 7x6 at 16x7 (full)...
    timeout after 300s at 13x8 (fast=False)
  probing 8x6 at 14x8 (fast)...
    timeout after 120s at 19x6 (fast=True)
  probing 5x6 at 19x6 (full)...
    timeout after 300s at 14x7 (fast=False)
  probing 7x7 at 15x7 (fast)...
    timeout after 120s at 17x7 (fast=True)
  probing 6x7 at 17x7 (full)...
    timeout after 300s at 18x6 (fast=False)
  probing 6x5 at 19x6 (fast)...
    timeout after 300s at 15x8 (fast=False)
  probing 7x8 at 16x8 (fast)...
    timeout after 120s at 15x8 (fast=True)
  probing 5x8 at 15x8 (full)...
    timeout after 300s at 16x7 (fast=False)
  probing 7x5 at 17x7 (fast)...
    timeout after 120s at 14x8 (fast=True)
  probing 8x6 at 14x8 (full)...
    timeout after 120s at 15x7 (fast=True)
  probing 7x7 at 15x7 (full)...
    timeout after 300s at 14x8 (fast=False)
  probing 6x8 at 15x8 (fast)...
    timeout after 120s at 19x6 (fast=True)
  probing 6x5 at 19x6 (full)...
    timeout after 300s at 14x8 (fast=False)
  probing 8x7 at 15x8 (fast)...
    timeout after 120s at 16x8 (fast=True)
  probing 7x8 at 16x8 (full)...
  -> solved at 15x8 (fast)
  ports: inputs=[(2, 0), (3, 0), (4, 0), (5, 0), (6, 0), (7, 0)], outputs=[(0, 14), (1, 14), (2, 14), (3, 14), (4, 14), (5, 14), (6, 14), (7, 14)]
  footprint: 8W x 15H
    timeout after 120s at 17x7 (fast=True)
  probing 7x5 at 17x7 (full)...
    timeout after 300s at 17x7 (fast=False)
  probing 5x7 at 18x7 (fast)...
    timeout after 300s at 14x8 (fast=False)
  probing 8x5 at 15x8 (fast)...
    timeout after 300s at 16x7 (fast=False)
  probing 7x6 at 17x7 (fast)...
    timeout after 120s at 15x8 (fast=True)
  probing 8x7 at 15x8 (full)...
    timeout after 300s at 19x6 (fast=False)
  probing 5x6 at 20x6 (fast)...
    timeout after 300s at 17x7 (fast=False)
  probing 6x7 at 18x7 (fast)...
  -> solved at 16x8 (full)
  ports: inputs=[(1, 0), (2, 0), (3, 0), (4, 0), (5, 0), (6, 0), (7, 0)], outputs=[(0, 15), (1, 15), (2, 15), (3, 15), (4, 15), (5, 15), (6, 15), (7, 15)]
  footprint: 8W x 16H
    timeout after 300s at 15x8 (fast=False)
  probing 5x8 at 16x8 (fast)...
    timeout after 120s at 18x7 (fast=True)
  probing 5x7 at 18x7 (full)...
    timeout after 120s at 15x8 (fast=True)
  probing 8x5 at 15x8 (full)...
    timeout after 120s at 17x7 (fast=True)
  probing 7x6 at 17x7 (full)...
    timeout after 300s at 14x8 (fast=False)
  probing 8x6 at 15x8 (fast)...
    timeout after 120s at 20x6 (fast=True)
  probing 5x6 at 20x6 (full)...
    timeout after 300s at 15x7 (fast=False)
  probing 7x7 at 16x7 (fast)...
    timeout after 120s at 18x7 (fast=True)
  probing 6x7 at 18x7 (full)...
    timeout after 300s at 19x6 (fast=False)
  probing 6x5 at 20x6 (fast)...
  -> solved at 16x7 (fast)
  ports: inputs=[(0, 0), (1, 0), (2, 0), (3, 0), (4, 0), (5, 0), (6, 0)], outputs=[(0, 15), (1, 15), (2, 15), (3, 15), (4, 15), (5, 15), (6, 15)]
  footprint: 7W x 16H
    timeout after 120s at 16x8 (fast=True)
  probing 5x8 at 16x8 (full)...
    timeout after 300s at 17x7 (fast=False)
  probing 7x5 at 18x7 (fast)...
    timeout after 120s at 15x8 (fast=True)
  probing 8x6 at 15x8 (full)...
    timeout after 120s at 20x6 (fast=True)
  probing 6x5 at 20x6 (full)...
    timeout after 300s at 15x8 (fast=False)
  probing 8x7 at 16x8 (fast)...
  -> solved at 15x8 (full)
  ports: inputs=[(2, 2), (5, 2), (7, 2)], outputs=[(1, 14), (2, 14), (3, 14), (4, 14), (5, 14), (6, 14)]
  footprint: 8W x 15H
    timeout after 120s at 18x7 (fast=True)
  probing 7x5 at 18x7 (full)...
    timeout after 300s at 18x7 (fast=False)
  probing 5x7 at 19x7 (fast)...
    timeout after 300s at 15x8 (fast=False)
  probing 8x5 at 16x8 (fast)...
    timeout after 300s at 17x7 (fast=False)
  probing 7x6 at 18x7 (fast)...
    timeout after 120s at 16x8 (fast=True)
  probing 8x7 at 16x8 (full)...
    timeout after 300s at 20x6 (fast=False)
  probing 5x6 at 21x6 (fast)...
    timeout after 300s at 18x7 (fast=False)
  probing 6x7 at 19x7 (fast)...
    timeout after 300s at 16x8 (fast=False)
  probing 5x8 at 17x8 (fast)...
    timeout after 120s at 19x7 (fast=True)
  probing 5x7 at 19x7 (full)...
    timeout after 120s at 16x8 (fast=True)
  probing 8x5 at 16x8 (full)...
    timeout after 120s at 18x7 (fast=True)
  probing 7x6 at 18x7 (full)...
    timeout after 120s at 21x6 (fast=True)
  probing 5x6 at 21x6 (full)...
    timeout after 120s at 19x7 (fast=True)
  probing 6x7 at 19x7 (full)...
    timeout after 300s at 20x6 (fast=False)
  probing 6x5 at 21x6 (fast)...
    timeout after 120s at 17x8 (fast=True)
  probing 5x8 at 17x8 (full)...
    timeout after 300s at 18x7 (fast=False)
  probing 7x5 at 19x7 (fast)...
    timeout after 120s at 21x6 (fast=True)
  probing 6x5 at 21x6 (full)...
    timeout after 300s at 16x8 (fast=False)
  probing 8x7 at 17x8 (fast)...
    timeout after 120s at 19x7 (fast=True)
  probing 7x5 at 19x7 (full)...
    timeout after 300s at 19x7 (fast=False)
  probing 5x7 at 20x7 (fast)...
    timeout after 300s at 16x8 (fast=False)
  probing 8x5 at 17x8 (fast)...
    timeout after 300s at 18x7 (fast=False)
  probing 7x6 at 19x7 (fast)...
    timeout after 120s at 17x8 (fast=True)
  probing 8x7 at 17x8 (full)...
    timeout after 300s at 21x6 (fast=False)
  probing 5x6 at 22x6 (fast)...
    timeout after 300s at 19x7 (fast=False)
  probing 6x7 at 20x7 (fast)...
    timeout after 300s at 17x8 (fast=False)
  probing 5x8 at 18x8 (fast)...
    timeout after 120s at 20x7 (fast=True)
  probing 5x7 at 20x7 (full)...
    timeout after 120s at 17x8 (fast=True)
  probing 8x5 at 17x8 (full)...
    timeout after 120s at 19x7 (fast=True)
  probing 7x6 at 19x7 (full)...
    timeout after 120s at 22x6 (fast=True)
  probing 5x6 at 22x6 (full)...
    timeout after 120s at 20x7 (fast=True)
  probing 6x7 at 20x7 (full)...
    timeout after 300s at 21x6 (fast=False)
  probing 6x5 at 22x6 (fast)...
    timeout after 120s at 18x8 (fast=True)
  probing 5x8 at 18x8 (full)...
    timeout after 300s at 19x7 (fast=False)
  probing 7x5 at 20x7 (fast)...
    timeout after 120s at 22x6 (fast=True)
  probing 6x5 at 22x6 (full)...
    timeout after 300s at 17x8 (fast=False)
  probing 8x7 at 18x8 (fast)...
    timeout after 120s at 20x7 (fast=True)
  probing 7x5 at 20x7 (full)...
    timeout after 300s at 20x7 (fast=False)
  probing 5x7 at 21x7 (fast)...
    timeout after 300s at 17x8 (fast=False)
  probing 8x5 at 18x8 (fast)...
    timeout after 300s at 19x7 (fast=False)
  probing 7x6 at 20x7 (fast)...
    timeout after 120s at 18x8 (fast=True)
  probing 8x7 at 18x8 (full)...
    timeout after 300s at 22x6 (fast=False)
  probing 5x6 at 23x6 (fast)...
    timeout after 300s at 20x7 (fast=False)
  probing 6x7 at 21x7 (fast)...
    timeout after 300s at 18x8 (fast=False)
  probing 5x8 at 19x8 (fast)...
    timeout after 120s at 21x7 (fast=True)
  probing 5x7 at 21x7 (full)...
    timeout after 120s at 18x8 (fast=True)
  probing 8x5 at 18x8 (full)...
    timeout after 120s at 20x7 (fast=True)
  probing 7x6 at 20x7 (full)...
    timeout after 120s at 23x6 (fast=True)
  probing 5x6 at 23x6 (full)...
    timeout after 120s at 21x7 (fast=True)
  probing 6x7 at 21x7 (full)...
    timeout after 300s at 22x6 (fast=False)
  probing 6x5 at 23x6 (fast)...
    timeout after 120s at 19x8 (fast=True)
  probing 5x8 at 19x8 (full)...
    timeout after 300s at 20x7 (fast=False)
  probing 7x5 at 21x7 (fast)...
    timeout after 120s at 23x6 (fast=True)
  probing 6x5 at 23x6 (full)...
    timeout after 300s at 18x8 (fast=False)
  probing 8x7 at 19x8 (fast)...
    timeout after 120s at 21x7 (fast=True)
  probing 7x5 at 21x7 (full)...
    timeout after 300s at 21x7 (fast=False)
  probing 5x7 at 22x7 (fast)...
    timeout after 300s at 18x8 (fast=False)
  probing 8x5 at 19x8 (fast)...
    timeout after 300s at 20x7 (fast=False)
  probing 7x6 at 21x7 (fast)...
    timeout after 120s at 19x8 (fast=True)
  probing 8x7 at 19x8 (full)...
    timeout after 300s at 23x6 (fast=False)
  probing 5x6 at 24x6 (fast)...
    timeout after 300s at 21x7 (fast=False)
  probing 6x7 at 22x7 (fast)...
    timeout after 300s at 19x8 (fast=False)
  probing 5x8 at 20x8 (fast)...
    timeout after 120s at 22x7 (fast=True)
  probing 5x7 at 22x7 (full)...
    timeout after 120s at 19x8 (fast=True)
  probing 8x5 at 19x8 (full)...
    timeout after 120s at 21x7 (fast=True)
  probing 7x6 at 21x7 (full)...
    timeout after 120s at 24x6 (fast=True)
  probing 5x6 at 24x6 (full)...
    timeout after 120s at 22x7 (fast=True)
  probing 6x7 at 22x7 (full)...
    timeout after 300s at 23x6 (fast=False)
  probing 6x5 at 24x6 (fast)...
    timeout after 120s at 20x8 (fast=True)
  probing 5x8 at 20x8 (full)...
    timeout after 300s at 21x7 (fast=False)
  probing 7x5 at 22x7 (fast)...
    timeout after 120s at 24x6 (fast=True)
  probing 6x5 at 24x6 (full)...
    timeout after 300s at 19x8 (fast=False)
  probing 8x7 at 20x8 (fast)...
    timeout after 120s at 22x7 (fast=True)
  probing 7x5 at 22x7 (full)...
    timeout after 300s at 22x7 (fast=False)
  probing 5x7 at 23x7 (fast)...
    timeout after 300s at 19x8 (fast=False)
  probing 8x5 at 20x8 (fast)...
    timeout after 300s at 21x7 (fast=False)
  probing 7x6 at 22x7 (fast)...
    timeout after 120s at 20x8 (fast=True)
  probing 8x7 at 20x8 (full)...
    timeout after 300s at 24x6 (fast=False)
  probing 5x6 at 25x6 (fast)...
    timeout after 300s at 22x7 (fast=False)
  probing 6x7 at 23x7 (fast)...
    timeout after 300s at 20x8 (fast=False)
  probing 5x8 at 21x8 (fast)...
    timeout after 120s at 23x7 (fast=True)
  probing 5x7 at 23x7 (full)...
    timeout after 120s at 20x8 (fast=True)
  probing 8x5 at 20x8 (full)...
    timeout after 120s at 22x7 (fast=True)
  probing 7x6 at 22x7 (full)...
    timeout after 120s at 25x6 (fast=True)
  probing 5x6 at 25x6 (full)...
    timeout after 120s at 23x7 (fast=True)
  probing 6x7 at 23x7 (full)...
    timeout after 300s at 24x6 (fast=False)
  probing 6x5 at 25x6 (fast)...
    timeout after 120s at 21x8 (fast=True)
  probing 5x8 at 21x8 (full)...
    timeout after 300s at 22x7 (fast=False)
  probing 7x5 at 23x7 (fast)...
    timeout after 120s at 25x6 (fast=True)
  probing 6x5 at 25x6 (full)...
    timeout after 300s at 20x8 (fast=False)
  probing 8x7 at 21x8 (fast)...
    timeout after 120s at 23x7 (fast=True)
  probing 7x5 at 23x7 (full)...
    timeout after 300s at 23x7 (fast=False)
  probing 5x7 at 24x7 (fast)...
    timeout after 300s at 20x8 (fast=False)
  probing 8x5 at 21x8 (fast)...
    timeout after 300s at 22x7 (fast=False)
  probing 7x6 at 23x7 (fast)...
    timeout after 120s at 21x8 (fast=True)
  probing 8x7 at 21x8 (full)...
    timeout after 300s at 25x6 (fast=False)
  probing 5x6 at 26x6 (fast)...
    timeout after 300s at 23x7 (fast=False)
  probing 6x7 at 24x7 (fast)...
    timeout after 300s at 21x8 (fast=False)
  probing 5x8 at 22x8 (fast)...
    timeout after 120s at 24x7 (fast=True)
  probing 5x7 at 24x7 (full)...
    timeout after 120s at 21x8 (fast=True)
  probing 8x5 at 21x8 (full)...
    timeout after 120s at 23x7 (fast=True)
  probing 7x6 at 23x7 (full)...
    timeout after 120s at 26x6 (fast=True)
  probing 5x6 at 26x6 (full)...
    timeout after 120s at 24x7 (fast=True)
  probing 6x7 at 24x7 (full)...
    timeout after 300s at 25x6 (fast=False)
  probing 6x5 at 26x6 (fast)...
    timeout after 120s at 22x8 (fast=True)
  probing 5x8 at 22x8 (full)...
    timeout after 300s at 23x7 (fast=False)
  probing 7x5 at 24x7 (fast)...
    timeout after 120s at 26x6 (fast=True)
  probing 6x5 at 26x6 (full)...
    timeout after 300s at 21x8 (fast=False)
  probing 8x7 at 22x8 (fast)...
    timeout after 120s at 24x7 (fast=True)
  probing 7x5 at 24x7 (full)...
    timeout after 300s at 24x7 (fast=False)
  probing 5x7 at 25x7 (fast)...
    timeout after 300s at 21x8 (fast=False)
  probing 8x5 at 22x8 (fast)...
    timeout after 300s at 23x7 (fast=False)
  probing 7x6 at 24x7 (fast)...
    timeout after 120s at 22x8 (fast=True)
  probing 8x7 at 22x8 (full)...
    timeout after 300s at 26x6 (fast=False)
  probing 5x6 at 27x6 (fast)...
    timeout after 300s at 24x7 (fast=False)
  probing 6x7 at 25x7 (fast)...
    timeout after 300s at 22x8 (fast=False)
  probing 5x8 at 23x8 (fast)...
    timeout after 120s at 25x7 (fast=True)
  probing 5x7 at 25x7 (full)...
    timeout after 120s at 22x8 (fast=True)
  probing 8x5 at 22x8 (full)...
    timeout after 120s at 24x7 (fast=True)
  probing 7x6 at 24x7 (full)...
    timeout after 120s at 27x6 (fast=True)
  probing 5x6 at 27x6 (full)...
    timeout after 120s at 25x7 (fast=True)
  probing 6x7 at 25x7 (full)...
    timeout after 300s at 26x6 (fast=False)
  probing 6x5 at 27x6 (fast)...
    timeout after 120s at 23x8 (fast=True)
  probing 5x8 at 23x8 (full)...
    timeout after 300s at 24x7 (fast=False)
  probing 7x5 at 25x7 (fast)...
    timeout after 120s at 27x6 (fast=True)
  probing 6x5 at 27x6 (full)...
    timeout after 300s at 22x8 (fast=False)
  probing 8x7 at 23x8 (fast)...
    timeout after 120s at 25x7 (fast=True)
  probing 7x5 at 25x7 (full)...
    timeout after 300s at 25x7 (fast=False)
  probing 5x7 at 26x7 (fast)...
    timeout after 300s at 22x8 (fast=False)
  probing 8x5 at 23x8 (fast)...
    timeout after 300s at 24x7 (fast=False)
  probing 7x6 at 25x7 (fast)...
    timeout after 120s at 23x8 (fast=True)
  probing 8x7 at 23x8 (full)...
    timeout after 300s at 27x6 (fast=False)
  probing 5x6 at 28x6 (fast)...
    timeout after 300s at 25x7 (fast=False)
  probing 6x7 at 26x7 (fast)...
    timeout after 300s at 23x8 (fast=False)
  probing 5x8 at 24x8 (fast)...
    timeout after 120s at 26x7 (fast=True)
  probing 5x7 at 26x7 (full)...
    timeout after 120s at 23x8 (fast=True)
  probing 8x5 at 23x8 (full)...
    timeout after 120s at 25x7 (fast=True)
  probing 7x6 at 25x7 (full)...
    timeout after 120s at 28x6 (fast=True)
  probing 5x6 at 28x6 (full)...
    timeout after 120s at 26x7 (fast=True)
  probing 6x7 at 26x7 (full)...
    timeout after 300s at 27x6 (fast=False)
  probing 6x5 at 28x6 (fast)...
    timeout after 120s at 24x8 (fast=True)
  probing 5x8 at 24x8 (full)...
    timeout after 300s at 25x7 (fast=False)
  probing 7x5 at 26x7 (fast)...
    timeout after 120s at 28x6 (fast=True)
  probing 6x5 at 28x6 (full)...
    timeout after 300s at 23x8 (fast=False)
  probing 8x7 at 24x8 (fast)...
    timeout after 120s at 26x7 (fast=True)
  probing 7x5 at 26x7 (full)...
    timeout after 300s at 26x7 (fast=False)
  probing 5x7 at 27x7 (fast)...
    timeout after 300s at 23x8 (fast=False)
  probing 8x5 at 24x8 (fast)...
    timeout after 300s at 25x7 (fast=False)
  probing 7x6 at 26x7 (fast)...
    timeout after 120s at 24x8 (fast=True)
  probing 8x7 at 24x8 (full)...
    timeout after 300s at 28x6 (fast=False)
  probing 5x6 at 29x6 (fast)...
    timeout after 300s at 26x7 (fast=False)
  probing 6x7 at 27x7 (fast)...
    timeout after 300s at 24x8 (fast=False)
  probing 5x8 at 25x8 (fast)...
    timeout after 120s at 27x7 (fast=True)
  probing 5x7 at 27x7 (full)...
    timeout after 120s at 24x8 (fast=True)
  probing 8x5 at 24x8 (full)...
    timeout after 120s at 26x7 (fast=True)
  probing 7x6 at 26x7 (full)...
    timeout after 120s at 29x6 (fast=True)
  probing 5x6 at 29x6 (full)...
    timeout after 120s at 27x7 (fast=True)
  probing 6x7 at 27x7 (full)...
    timeout after 300s at 28x6 (fast=False)
  probing 6x5 at 29x6 (fast)...
    timeout after 120s at 25x8 (fast=True)
  probing 5x8 at 25x8 (full)...
    timeout after 300s at 26x7 (fast=False)
  probing 7x5 at 27x7 (fast)...
    timeout after 120s at 29x6 (fast=True)
  probing 6x5 at 29x6 (full)...
    timeout after 300s at 24x8 (fast=False)
  probing 8x7 at 25x8 (fast)...
  -> solved at 27x7 (fast)
  ports: inputs=[(0, 0), (1, 0), (2, 0), (3, 0), (4, 0), (5, 0), (6, 0)], outputs=[(2, 26), (3, 26), (4, 26), (5, 26), (6, 26)]
  footprint: 7W x 27H
    timeout after 300s at 27x7 (fast=False)
  probing 5x7 at 28x7 (fast)...
    timeout after 300s at 24x8 (fast=False)
  probing 8x5 at 25x8 (fast)...
    timeout after 300s at 26x7 (fast=False)
  probing 7x6 at 27x7 (fast)...
    timeout after 120s at 25x8 (fast=True)
  probing 8x7 at 25x8 (full)...
    timeout after 300s at 29x6 (fast=False)
  probing 5x6 at 30x6 (fast)...
    timeout after 300s at 27x7 (fast=False)
  probing 6x7 at 28x7 (fast)...
    timeout after 300s at 25x8 (fast=False)
  probing 5x8 at 26x8 (fast)...
    timeout after 120s at 28x7 (fast=True)
  probing 5x7 at 28x7 (full)...
    timeout after 120s at 25x8 (fast=True)
  probing 8x5 at 25x8 (full)...
    timeout after 120s at 27x7 (fast=True)
  probing 7x6 at 27x7 (full)...
    timeout after 120s at 30x6 (fast=True)
  probing 5x6 at 30x6 (full)...
    timeout after 120s at 28x7 (fast=True)
  probing 6x7 at 28x7 (full)...
    timeout after 300s at 29x6 (fast=False)
  probing 6x5 at 30x6 (fast)...
    timeout after 120s at 26x8 (fast=True)
  probing 5x8 at 26x8 (full)...
    timeout after 120s at 30x6 (fast=True)
  probing 6x5 at 30x6 (full)...
    timeout after 300s at 25x8 (fast=False)
  probing 8x7 at 26x8 (fast)...
    timeout after 300s at 28x7 (fast=False)
  probing 5x7 at 29x7 (fast)...
    timeout after 300s at 25x8 (fast=False)
  probing 8x5 at 26x8 (fast)...
    timeout after 300s at 27x7 (fast=False)
  probing 7x6 at 28x7 (fast)...
    timeout after 120s at 26x8 (fast=True)
  probing 8x7 at 26x8 (full)...
    timeout after 300s at 30x6 (fast=False)
  probing 5x6 at 3x7 (fast)...
  probing 5x6 at 4x7 (fast)...
  probing 5x6 at 5x7 (fast)...
  probing 5x6 at 6x7 (fast)...
  probing 5x6 at 6x7 (full)...
  probing 5x6 at 7x7 (fast)...
  probing 5x6 at 7x7 (full)...
  probing 5x6 at 8x7 (fast)...
  probing 5x6 at 8x7 (full)...
  probing 5x6 at 9x7 (fast)...
  probing 5x6 at 9x7 (full)...
  probing 5x6 at 10x7 (fast)...
  probing 5x6 at 10x7 (full)...
  probing 5x6 at 11x7 (fast)...
  probing 5x6 at 11x7 (full)...
  probing 5x6 at 12x7 (fast)...
    timeout after 300s at 28x7 (fast=False)
  probing 6x7 at 29x7 (fast)...
  probing 5x6 at 12x7 (full)...
  probing 5x6 at 13x7 (fast)...
    timeout after 300s at 26x8 (fast=False)
  probing 5x8 at 27x8 (fast)...
    timeout after 120s at 29x7 (fast=True)
  probing 5x7 at 29x7 (full)...
    timeout after 120s at 26x8 (fast=True)
  probing 8x5 at 26x8 (full)...
    timeout after 120s at 28x7 (fast=True)
  probing 7x6 at 28x7 (full)...
  probing 5x6 at 13x7 (full)...
  probing 5x6 at 14x7 (fast)...
    timeout after 120s at 29x7 (fast=True)
  probing 6x7 at 29x7 (full)...
  probing 5x6 at 14x7 (full)...
    timeout after 300s at 30x6 (fast=False)
  probing 6x5 at 3x7 (fast)...
  probing 6x5 at 4x7 (fast)...
  probing 6x5 at 5x7 (fast)...
  probing 6x5 at 6x7 (fast)...
  probing 6x5 at 6x7 (full)...
  probing 6x5 at 7x7 (fast)...
  probing 6x5 at 7x7 (full)...
  probing 6x5 at 8x7 (fast)...
  probing 6x5 at 8x7 (full)...
  probing 6x5 at 9x7 (fast)...
  probing 6x5 at 9x7 (full)...
  probing 6x5 at 10x7 (fast)...
  probing 6x5 at 10x7 (full)...
  probing 6x5 at 11x7 (fast)...
  probing 6x5 at 11x7 (full)...
  probing 6x5 at 12x7 (fast)...
  probing 6x5 at 12x7 (full)...
  probing 6x5 at 13x7 (fast)...
  probing 6x5 at 13x7 (full)...
  probing 6x5 at 14x7 (fast)...
  probing 5x6 at 15x7 (fast)...
    timeout after 120s at 27x8 (fast=True)
  probing 5x8 at 27x8 (full)...
  probing 6x5 at 14x7 (full)...
  probing 6x5 at 15x7 (fast)...
    timeout after 300s at 26x8 (fast=False)
  probing 8x7 at 27x8 (fast)...
    timeout after 120s at 15x7 (fast=True)
  probing 5x6 at 15x7 (full)...
  probing 6x5 at 15x7 (full)...
    timeout after 300s at 29x7 (fast=False)
  probing 5x7 at 30x7 (fast)...
    timeout after 300s at 26x8 (fast=False)
  probing 8x5 at 27x8 (fast)...
    timeout after 300s at 28x7 (fast=False)
  probing 7x6 at 29x7 (fast)...
    timeout after 120s at 27x8 (fast=True)
  probing 8x7 at 27x8 (full)...
    timeout after 300s at 29x7 (fast=False)
  probing 6x7 at 30x7 (fast)...
    timeout after 300s at 27x8 (fast=False)
  probing 5x8 at 28x8 (fast)...
    timeout after 120s at 30x7 (fast=True)
  probing 5x7 at 30x7 (full)...
    timeout after 120s at 27x8 (fast=True)
  probing 8x5 at 27x8 (full)...
    timeout after 120s at 29x7 (fast=True)
  probing 7x6 at 29x7 (full)...
    timeout after 120s at 30x7 (fast=True)
  probing 6x7 at 30x7 (full)...
    timeout after 300s at 15x7 (fast=False)
  probing 5x6 at 16x7 (fast)...
    timeout after 120s at 28x8 (fast=True)
  probing 5x8 at 28x8 (full)...
    timeout after 300s at 15x7 (fast=False)
  probing 6x5 at 16x7 (fast)...
    timeout after 300s at 27x8 (fast=False)
  probing 8x7 at 28x8 (fast)...
    timeout after 120s at 16x7 (fast=True)
  probing 5x6 at 16x7 (full)...
    timeout after 120s at 16x7 (fast=True)
  probing 6x5 at 16x7 (full)...
    timeout after 300s at 30x7 (fast=False)
  probing 5x7 at 31x7 (fast)...
    timeout after 300s at 27x8 (fast=False)
  probing 8x5 at 28x8 (fast)...
    timeout after 300s at 29x7 (fast=False)
  probing 7x6 at 30x7 (fast)...
    timeout after 120s at 28x8 (fast=True)
  probing 8x7 at 28x8 (full)...
    timeout after 300s at 30x7 (fast=False)
  probing 6x7 at 31x7 (fast)...
    timeout after 300s at 28x8 (fast=False)
  probing 5x8 at 29x8 (fast)...
    timeout after 120s at 31x7 (fast=True)
  probing 5x7 at 31x7 (full)...
    timeout after 120s at 28x8 (fast=True)
  probing 8x5 at 28x8 (full)...
    timeout after 120s at 30x7 (fast=True)
  probing 7x6 at 30x7 (full)...
    timeout after 120s at 31x7 (fast=True)
  probing 6x7 at 31x7 (full)...
    timeout after 300s at 16x7 (fast=False)
  probing 5x6 at 17x7 (fast)...
    timeout after 120s at 29x8 (fast=True)
  probing 5x8 at 29x8 (full)...
    timeout after 300s at 16x7 (fast=False)
  probing 6x5 at 17x7 (fast)...
    timeout after 300s at 28x8 (fast=False)
  probing 8x7 at 29x8 (fast)...
    timeout after 120s at 17x7 (fast=True)
  probing 5x6 at 17x7 (full)...
    timeout after 120s at 17x7 (fast=True)
  probing 6x5 at 17x7 (full)...
    timeout after 300s at 31x7 (fast=False)
  probing 5x7 at 32x7 (fast)...
    timeout after 300s at 28x8 (fast=False)
  probing 8x5 at 29x8 (fast)...
    timeout after 300s at 30x7 (fast=False)
  probing 7x6 at 31x7 (fast)...
    timeout after 120s at 29x8 (fast=True)
  probing 8x7 at 29x8 (full)...
    timeout after 300s at 31x7 (fast=False)
  probing 6x7 at 32x7 (fast)...
    timeout after 300s at 29x8 (fast=False)
  probing 5x8 at 30x8 (fast)...
    timeout after 120s at 32x7 (fast=True)
  probing 5x7 at 32x7 (full)...
    timeout after 120s at 29x8 (fast=True)
  probing 8x5 at 29x8 (full)...
    timeout after 120s at 31x7 (fast=True)
  probing 7x6 at 31x7 (full)...
    timeout after 120s at 32x7 (fast=True)
  probing 6x7 at 32x7 (full)...
    timeout after 300s at 17x7 (fast=False)
  probing 5x6 at 18x7 (fast)...
    timeout after 120s at 30x8 (fast=True)
  probing 5x8 at 30x8 (full)...
    timeout after 300s at 17x7 (fast=False)
  probing 6x5 at 18x7 (fast)...
    timeout after 300s at 29x8 (fast=False)
  probing 8x7 at 30x8 (fast)...
    timeout after 120s at 18x7 (fast=True)
  probing 5x6 at 18x7 (full)...
    timeout after 120s at 18x7 (fast=True)
  probing 6x5 at 18x7 (full)...
    timeout after 300s at 32x7 (fast=False)
  probing 5x7 at 33x7 (fast)...
    timeout after 300s at 29x8 (fast=False)
  probing 8x5 at 30x8 (fast)...
    timeout after 300s at 31x7 (fast=False)
  probing 7x6 at 32x7 (fast)...
    timeout after 120s at 30x8 (fast=True)
  probing 8x7 at 30x8 (full)...
    timeout after 300s at 32x7 (fast=False)
  probing 6x7 at 33x7 (fast)...
    timeout after 300s at 30x8 (fast=False)
  probing 5x8 at 31x8 (fast)...
    timeout after 120s at 33x7 (fast=True)
  probing 5x7 at 33x7 (full)...
    timeout after 120s at 30x8 (fast=True)
  probing 8x5 at 30x8 (full)...
    timeout after 120s at 32x7 (fast=True)
  probing 7x6 at 32x7 (full)...
    timeout after 120s at 33x7 (fast=True)
  probing 6x7 at 33x7 (full)...
    timeout after 300s at 18x7 (fast=False)
  probing 5x6 at 19x7 (fast)...
    timeout after 120s at 31x8 (fast=True)
  probing 5x8 at 31x8 (full)...
    timeout after 300s at 18x7 (fast=False)
  probing 6x5 at 19x7 (fast)...
    timeout after 300s at 30x8 (fast=False)
  probing 8x7 at 31x8 (fast)...
    timeout after 120s at 19x7 (fast=True)
  probing 5x6 at 19x7 (full)...
    timeout after 120s at 19x7 (fast=True)
  probing 6x5 at 19x7 (full)...
    timeout after 300s at 33x7 (fast=False)
  probing 5x7 at 34x7 (fast)...
    timeout after 300s at 30x8 (fast=False)
  probing 8x5 at 31x8 (fast)...
    timeout after 300s at 32x7 (fast=False)
  probing 7x6 at 33x7 (fast)...
    timeout after 120s at 31x8 (fast=True)
  probing 8x7 at 31x8 (full)...
    timeout after 300s at 33x7 (fast=False)
  probing 6x7 at 34x7 (fast)...
    timeout after 300s at 31x8 (fast=False)
  probing 5x8 at 32x8 (fast)...
    timeout after 120s at 34x7 (fast=True)
  probing 5x7 at 34x7 (full)...
    timeout after 120s at 31x8 (fast=True)
  probing 8x5 at 31x8 (full)...
    timeout after 120s at 33x7 (fast=True)
  probing 7x6 at 33x7 (full)...
    timeout after 120s at 34x7 (fast=True)
  probing 6x7 at 34x7 (full)...
    timeout after 300s at 19x7 (fast=False)
  probing 5x6 at 20x7 (fast)...
    timeout after 120s at 32x8 (fast=True)
  probing 5x8 at 32x8 (full)...
    timeout after 300s at 19x7 (fast=False)
  probing 6x5 at 20x7 (fast)...
    timeout after 300s at 31x8 (fast=False)
  probing 8x7 at 32x8 (fast)...
    timeout after 120s at 20x7 (fast=True)
  probing 5x6 at 20x7 (full)...
    timeout after 120s at 20x7 (fast=True)
  probing 6x5 at 20x7 (full)...
    timeout after 300s at 34x7 (fast=False)
  probing 5x7 at 35x7 (fast)...
    timeout after 300s at 31x8 (fast=False)
  probing 8x5 at 32x8 (fast)...
    timeout after 300s at 33x7 (fast=False)
  probing 7x6 at 34x7 (fast)...
    timeout after 120s at 32x8 (fast=True)
  probing 8x7 at 32x8 (full)...
    timeout after 300s at 34x7 (fast=False)
  probing 6x7 at 35x7 (fast)...
    timeout after 300s at 32x8 (fast=False)
  probing 5x8 at 33x8 (fast)...
    timeout after 120s at 35x7 (fast=True)
  probing 5x7 at 35x7 (full)...
    timeout after 120s at 32x8 (fast=True)
  probing 8x5 at 32x8 (full)...
    timeout after 120s at 34x7 (fast=True)
  probing 7x6 at 34x7 (full)...
    timeout after 120s at 35x7 (fast=True)
  probing 6x7 at 35x7 (full)...
    timeout after 300s at 20x7 (fast=False)
  probing 5x6 at 21x7 (fast)...
    timeout after 120s at 33x8 (fast=True)
  probing 5x8 at 33x8 (full)...
    timeout after 300s at 20x7 (fast=False)
  probing 6x5 at 21x7 (fast)...
    timeout after 300s at 32x8 (fast=False)
  probing 8x7 at 33x8 (fast)...
    timeout after 120s at 21x7 (fast=True)
  probing 5x6 at 21x7 (full)...
    timeout after 120s at 21x7 (fast=True)
  probing 6x5 at 21x7 (full)...
    timeout after 300s at 35x7 (fast=False)
  probing 5x7 at 36x7 (fast)...
    timeout after 300s at 32x8 (fast=False)
  probing 8x5 at 33x8 (fast)...
    timeout after 300s at 34x7 (fast=False)
  probing 7x6 at 35x7 (fast)...
    timeout after 120s at 33x8 (fast=True)
  probing 8x7 at 33x8 (full)...
    timeout after 300s at 35x7 (fast=False)
  probing 6x7 at 36x7 (fast)...
    timeout after 300s at 33x8 (fast=False)
  probing 5x8 at 34x8 (fast)...
    timeout after 120s at 36x7 (fast=True)
  probing 5x7 at 36x7 (full)...
    timeout after 120s at 33x8 (fast=True)
  probing 8x5 at 33x8 (full)...
    timeout after 120s at 35x7 (fast=True)
  probing 7x6 at 35x7 (full)...
    timeout after 120s at 36x7 (fast=True)
  probing 6x7 at 36x7 (full)...
    timeout after 300s at 21x7 (fast=False)
  probing 5x6 at 22x7 (fast)...
    timeout after 120s at 34x8 (fast=True)
  probing 5x8 at 34x8 (full)...
    timeout after 300s at 21x7 (fast=False)
  probing 6x5 at 22x7 (fast)...
    timeout after 300s at 33x8 (fast=False)
  probing 8x7 at 34x8 (fast)...
    timeout after 120s at 22x7 (fast=True)
  probing 5x6 at 22x7 (full)...
    timeout after 120s at 22x7 (fast=True)
  probing 6x5 at 22x7 (full)...
    timeout after 300s at 36x7 (fast=False)
  probing 5x7 at 37x7 (fast)...
    timeout after 300s at 33x8 (fast=False)
  probing 8x5 at 34x8 (fast)...
    timeout after 300s at 35x7 (fast=False)
  probing 7x6 at 36x7 (fast)...
    timeout after 120s at 34x8 (fast=True)
  probing 8x7 at 34x8 (full)...
    timeout after 300s at 36x7 (fast=False)
  probing 6x7 at 37x7 (fast)...
    timeout after 300s at 34x8 (fast=False)
  probing 5x8 at 35x8 (fast)...
    timeout after 120s at 37x7 (fast=True)
  probing 5x7 at 37x7 (full)...
    timeout after 120s at 34x8 (fast=True)
  probing 8x5 at 34x8 (full)...
    timeout after 120s at 36x7 (fast=True)
  probing 7x6 at 36x7 (full)...
    timeout after 120s at 37x7 (fast=True)
  probing 6x7 at 37x7 (full)...
    timeout after 300s at 22x7 (fast=False)
  probing 5x6 at 23x7 (fast)...
    timeout after 120s at 35x8 (fast=True)
  probing 5x8 at 35x8 (full)...
    timeout after 300s at 22x7 (fast=False)
  probing 6x5 at 23x7 (fast)...
    timeout after 300s at 34x8 (fast=False)
  probing 8x7 at 35x8 (fast)...
    timeout after 120s at 23x7 (fast=True)
  probing 5x6 at 23x7 (full)...
    timeout after 120s at 23x7 (fast=True)
  probing 6x5 at 23x7 (full)...
    timeout after 300s at 37x7 (fast=False)
  probing 5x7 at 38x7 (fast)...
    timeout after 300s at 34x8 (fast=False)
  probing 8x5 at 35x8 (fast)...
    timeout after 300s at 36x7 (fast=False)
  probing 7x6 at 37x7 (fast)...
    timeout after 120s at 35x8 (fast=True)
  probing 8x7 at 35x8 (full)...
    timeout after 300s at 37x7 (fast=False)
  probing 6x7 at 38x7 (fast)...
    timeout after 300s at 35x8 (fast=False)
  probing 5x8 at 36x8 (fast)...
    timeout after 120s at 38x7 (fast=True)
  probing 5x7 at 38x7 (full)...
    timeout after 120s at 35x8 (fast=True)
  probing 8x5 at 35x8 (full)...
    timeout after 120s at 37x7 (fast=True)
  probing 7x6 at 37x7 (full)...
    timeout after 120s at 38x7 (fast=True)
  probing 6x7 at 38x7 (full)...
    timeout after 300s at 23x7 (fast=False)
  probing 5x6 at 24x7 (fast)...
    timeout after 120s at 36x8 (fast=True)
  probing 5x8 at 36x8 (full)...
    timeout after 300s at 23x7 (fast=False)
  probing 6x5 at 24x7 (fast)...
    timeout after 300s at 35x8 (fast=False)
  probing 8x7 at 36x8 (fast)...
    timeout after 120s at 24x7 (fast=True)
  probing 5x6 at 24x7 (full)...
    timeout after 120s at 24x7 (fast=True)
  probing 6x5 at 24x7 (full)...
    timeout after 300s at 38x7 (fast=False)
  probing 5x7 at 39x7 (fast)...
    timeout after 300s at 35x8 (fast=False)
  probing 8x5 at 36x8 (fast)...
    timeout after 300s at 37x7 (fast=False)
  probing 7x6 at 38x7 (fast)...
    timeout after 120s at 36x8 (fast=True)
  probing 8x7 at 36x8 (full)...
    timeout after 300s at 38x7 (fast=False)
  probing 6x7 at 39x7 (fast)...
    timeout after 300s at 36x8 (fast=False)
  probing 5x8 at 37x8 (fast)...
    timeout after 120s at 39x7 (fast=True)
  probing 5x7 at 39x7 (full)...
    timeout after 120s at 36x8 (fast=True)
  probing 8x5 at 36x8 (full)...
    timeout after 120s at 38x7 (fast=True)
  probing 7x6 at 38x7 (full)...
    timeout after 120s at 39x7 (fast=True)
  probing 6x7 at 39x7 (full)...
    timeout after 300s at 24x7 (fast=False)
  probing 5x6 at 25x7 (fast)...
    timeout after 120s at 37x8 (fast=True)
  probing 5x8 at 37x8 (full)...
    timeout after 300s at 24x7 (fast=False)
  probing 6x5 at 25x7 (fast)...
    timeout after 300s at 36x8 (fast=False)
  probing 8x7 at 37x8 (fast)...
    timeout after 120s at 25x7 (fast=True)
  probing 5x6 at 25x7 (full)...
    timeout after 120s at 25x7 (fast=True)
  probing 6x5 at 25x7 (full)...
    timeout after 300s at 39x7 (fast=False)
  probing 5x7 at 40x7 (fast)...
    timeout after 300s at 36x8 (fast=False)
  probing 8x5 at 37x8 (fast)...
    timeout after 300s at 38x7 (fast=False)
  probing 7x6 at 39x7 (fast)...
  -> solved at 25x7 (full)
  ports: inputs=[(2, 0), (3, 0), (4, 0), (5, 0), (6, 0)], outputs=[(1, 24), (2, 24), (3, 24), (4, 24), (5, 24), (6, 24)]
  footprint: 7W x 25H
    timeout after 120s at 37x8 (fast=True)
  probing 8x7 at 37x8 (full)...
    timeout after 300s at 39x7 (fast=False)
  probing 6x7 at 40x7 (fast)...
    timeout after 300s at 37x8 (fast=False)
  probing 5x8 at 38x8 (fast)...
    timeout after 120s at 40x7 (fast=True)
  probing 5x7 at 40x7 (full)...
    timeout after 120s at 37x8 (fast=True)
  probing 8x5 at 37x8 (full)...
    timeout after 120s at 39x7 (fast=True)
  probing 7x6 at 39x7 (full)...
    timeout after 120s at 40x7 (fast=True)
  probing 6x7 at 40x7 (full)...
    timeout after 120s at 38x8 (fast=True)
  probing 5x8 at 38x8 (full)...
    timeout after 300s at 25x7 (fast=False)
  probing 6x5 at 26x7 (fast)...
    timeout after 300s at 37x8 (fast=False)
  probing 8x7 at 38x8 (fast)...
    timeout after 120s at 26x7 (fast=True)
  probing 6x5 at 26x7 (full)...
    timeout after 300s at 40x7 (fast=False)
  probing 5x7 at 3x8 (fast)...
  probing 5x7 at 4x8 (fast)...
  probing 5x7 at 5x8 (fast)...
  probing 5x7 at 6x8 (fast)...
  probing 5x7 at 7x8 (fast)...
  probing 5x7 at 7x8 (full)...
  probing 5x7 at 8x8 (fast)...
  probing 5x7 at 8x8 (full)...
    timeout after 300s at 37x8 (fast=False)
  probing 8x5 at 38x8 (fast)...
  probing 5x7 at 9x8 (fast)...
  probing 5x7 at 9x8 (full)...
  probing 5x7 at 10x8 (fast)...
  probing 5x7 at 10x8 (full)...
  probing 5x7 at 11x8 (fast)...
    timeout after 300s at 39x7 (fast=False)
  probing 7x6 at 40x7 (fast)...
  probing 5x7 at 11x8 (full)...
  probing 5x7 at 12x8 (fast)...
  probing 5x7 at 12x8 (full)...
  probing 5x7 at 13x8 (fast)...
    timeout after 120s at 38x8 (fast=True)
  probing 8x7 at 38x8 (full)...
    timeout after 300s at 40x7 (fast=False)
  probing 6x7 at 3x8 (fast)...
  probing 6x7 at 4x8 (fast)...
  probing 6x7 at 5x8 (fast)...
  probing 6x7 at 6x8 (fast)...
  probing 6x7 at 7x8 (fast)...
  probing 6x7 at 7x8 (full)...
  probing 6x7 at 8x8 (fast)...
  probing 6x7 at 8x8 (full)...
  probing 6x7 at 9x8 (fast)...
  probing 6x7 at 9x8 (full)...
  probing 6x7 at 10x8 (fast)...
  probing 6x7 at 10x8 (full)...
  probing 6x7 at 11x8 (fast)...
  probing 6x7 at 11x8 (full)...
  probing 6x7 at 12x8 (fast)...
  probing 6x7 at 12x8 (full)...
  probing 5x7 at 13x8 (full)...
  probing 6x7 at 13x8 (fast)...
    timeout after 300s at 38x8 (fast=False)
  probing 5x8 at 39x8 (fast)...
    timeout after 120s at 38x8 (fast=True)
  probing 8x5 at 38x8 (full)...
    timeout after 120s at 40x7 (fast=True)
  probing 7x6 at 40x7 (full)...
  probing 6x7 at 13x8 (full)...
  probing 5x7 at 14x8 (fast)...
    timeout after 120s at 39x8 (fast=True)
  probing 5x8 at 39x8 (full)...
  probing 6x7 at 14x8 (fast)...
    timeout after 300s at 26x7 (fast=False)
  probing 6x5 at 27x7 (fast)...
    timeout after 120s at 14x8 (fast=True)
  probing 5x7 at 14x8 (full)...
    timeout after 300s at 38x8 (fast=False)
  probing 8x7 at 39x8 (fast)...
    timeout after 120s at 14x8 (fast=True)
  probing 6x7 at 14x8 (full)...
    timeout after 120s at 27x7 (fast=True)
  probing 6x5 at 27x7 (full)...
    timeout after 300s at 38x8 (fast=False)
  probing 8x5 at 39x8 (fast)...
    timeout after 300s at 40x7 (fast=False)
  probing 7x6 at 3x8 (fast)...
  probing 7x6 at 4x8 (fast)...
  probing 7x6 at 5x8 (fast)...
  probing 7x6 at 6x8 (fast)...
  probing 7x6 at 7x8 (fast)...
  probing 7x6 at 7x8 (full)...
  probing 7x6 at 8x8 (fast)...
  probing 7x6 at 8x8 (full)...
  probing 7x6 at 9x8 (fast)...
  probing 7x6 at 9x8 (full)...
  probing 7x6 at 10x8 (fast)...
  probing 7x6 at 10x8 (full)...
  probing 7x6 at 11x8 (fast)...
  probing 7x6 at 11x8 (full)...
  probing 7x6 at 12x8 (fast)...
    timeout after 120s at 39x8 (fast=True)
  probing 8x7 at 39x8 (full)...
  probing 7x6 at 12x8 (full)...
  probing 7x6 at 13x8 (fast)...
  probing 7x6 at 13x8 (full)...
    timeout after 300s at 39x8 (fast=False)
  probing 5x8 at 40x8 (fast)...
    timeout after 120s at 39x8 (fast=True)
  probing 8x5 at 39x8 (full)...
  probing 7x6 at 14x8 (fast)...
    timeout after 300s at 14x8 (fast=False)
  probing 5x7 at 15x8 (fast)...
    timeout after 120s at 40x8 (fast=True)
  probing 5x8 at 40x8 (full)...
    timeout after 300s at 14x8 (fast=False)
  probing 6x7 at 15x8 (fast)...
    timeout after 300s at 27x7 (fast=False)
  probing 6x5 at 28x7 (fast)...
    timeout after 120s at 14x8 (fast=True)
  probing 7x6 at 14x8 (full)...
    timeout after 300s at 39x8 (fast=False)
  probing 8x7 at 40x8 (fast)...
    timeout after 120s at 15x8 (fast=True)
  probing 5x7 at 15x8 (full)...
    timeout after 120s at 15x8 (fast=True)
  probing 6x7 at 15x8 (full)...
    timeout after 120s at 28x7 (fast=True)
  probing 6x5 at 28x7 (full)...
    timeout after 300s at 39x8 (fast=False)
  probing 8x5 at 40x8 (fast)...
    timeout after 120s at 40x8 (fast=True)
  probing 8x7 at 40x8 (full)...
    timeout after 300s at 40x8 (fast=False)
  probing 5x8 at 3x9 (fast)...
  probing 5x8 at 4x9 (fast)...
  probing 5x8 at 5x9 (fast)...
  probing 5x8 at 6x9 (fast)...
  probing 5x8 at 7x9 (fast)...
  probing 5x8 at 8x9 (fast)...
  probing 5x8 at 8x9 (full)...
  probing 5x8 at 9x9 (fast)...
    timeout after 120s at 40x8 (fast=True)
  probing 8x5 at 40x8 (full)...
  probing 5x8 at 9x9 (full)...
  probing 5x8 at 10x9 (fast)...
  probing 5x8 at 10x9 (full)...
  probing 5x8 at 11x9 (fast)...
  probing 5x8 at 11x9 (full)...
    timeout after 300s at 14x8 (fast=False)
  probing 7x6 at 15x8 (fast)...
    timeout after 300s at 15x8 (fast=False)
  probing 5x7 at 16x8 (fast)...
  probing 5x8 at 12x9 (fast)...
    timeout after 300s at 15x8 (fast=False)
  probing 6x7 at 16x8 (fast)...
    timeout after 300s at 28x7 (fast=False)
  probing 6x5 at 29x7 (fast)...
    timeout after 120s at 15x8 (fast=True)
  probing 7x6 at 15x8 (full)...
    timeout after 300s at 40x8 (fast=False)
  probing 8x7 at 3x9 (fast)...
    timeout after 120s at 16x8 (fast=True)
  probing 5x7 at 16x8 (full)...
  probing 8x7 at 4x9 (fast)...
  probing 8x7 at 5x9 (fast)...
  probing 8x7 at 6x9 (fast)...
  probing 8x7 at 7x9 (fast)...
  probing 8x7 at 8x9 (fast)...
  probing 8x7 at 8x9 (full)...
  probing 8x7 at 9x9 (fast)...
  probing 8x7 at 9x9 (full)...
  probing 8x7 at 10x9 (fast)...
  probing 8x7 at 10x9 (full)...
  probing 8x7 at 11x9 (fast)...
  probing 8x7 at 11x9 (full)...
  probing 8x7 at 12x9 (fast)...
    timeout after 120s at 12x9 (fast=True)
  probing 5x8 at 12x9 (full)...
    timeout after 120s at 16x8 (fast=True)
  probing 6x7 at 16x8 (full)...
    timeout after 120s at 29x7 (fast=True)
  probing 6x5 at 29x7 (full)...
  probing 8x7 at 12x9 (full)...
    timeout after 300s at 40x8 (fast=False)
  probing 8x5 at 3x9 (fast)...
  probing 8x5 at 4x9 (fast)...
  probing 8x5 at 5x9 (fast)...
  probing 8x5 at 6x9 (fast)...
  probing 8x5 at 7x9 (fast)...
  probing 8x5 at 8x9 (fast)...
  probing 8x5 at 8x9 (full)...
  probing 8x5 at 9x9 (fast)...
  probing 8x5 at 9x9 (full)...
  probing 8x5 at 10x9 (fast)...
  probing 8x5 at 10x9 (full)...
  probing 8x5 at 11x9 (fast)...
  probing 8x5 at 11x9 (full)...
  probing 8x7 at 13x9 (fast)...
  probing 8x5 at 12x9 (fast)...
    timeout after 300s at 15x8 (fast=False)
  probing 7x6 at 16x8 (fast)...
    timeout after 300s at 16x8 (fast=False)
  probing 5x7 at 17x8 (fast)...
    timeout after 120s at 13x9 (fast=True)
  probing 8x7 at 13x9 (full)...
    timeout after 120s at 12x9 (fast=True)
  probing 8x5 at 12x9 (full)...
    timeout after 300s at 12x9 (fast=False)
  probing 5x8 at 13x9 (fast)...
    timeout after 300s at 16x8 (fast=False)
  probing 6x7 at 17x8 (fast)...
    timeout after 300s at 29x7 (fast=False)
  probing 6x5 at 30x7 (fast)...
    timeout after 120s at 16x8 (fast=True)
  probing 7x6 at 16x8 (full)...
    timeout after 120s at 17x8 (fast=True)
  probing 5x7 at 17x8 (full)...
    timeout after 120s at 13x9 (fast=True)
  probing 5x8 at 13x9 (full)...
    timeout after 120s at 17x8 (fast=True)
  probing 6x7 at 17x8 (full)...
    timeout after 120s at 30x7 (fast=True)
  probing 6x5 at 30x7 (full)...
    timeout after 300s at 13x9 (fast=False)
  probing 8x7 at 14x9 (fast)...
    timeout after 300s at 12x9 (fast=False)
  probing 8x5 at 13x9 (fast)...
    timeout after 300s at 16x8 (fast=False)
  probing 7x6 at 17x8 (fast)...
    timeout after 300s at 17x8 (fast=False)
  probing 5x7 at 18x8 (fast)...
    timeout after 120s at 14x9 (fast=True)
  probing 8x7 at 14x9 (full)...
    timeout after 120s at 13x9 (fast=True)
  probing 8x5 at 13x9 (full)...
    timeout after 300s at 13x9 (fast=False)
  probing 5x8 at 14x9 (fast)...
    timeout after 300s at 17x8 (fast=False)
  probing 6x7 at 18x8 (fast)...
    timeout after 300s at 30x7 (fast=False)
  probing 6x5 at 3x8 (fast)...
  probing 6x5 at 4x8 (fast)...
  probing 6x5 at 5x8 (fast)...
  probing 6x5 at 6x8 (fast)...
  probing 6x5 at 6x8 (full)...
  probing 6x5 at 7x8 (fast)...
  probing 6x5 at 7x8 (full)...
  probing 6x5 at 8x8 (fast)...
  probing 6x5 at 8x8 (full)...
  probing 6x5 at 9x8 (fast)...
  probing 6x5 at 9x8 (full)...
  probing 6x5 at 10x8 (fast)...
  probing 6x5 at 10x8 (full)...
  probing 6x5 at 11x8 (fast)...
  probing 6x5 at 11x8 (full)...
    timeout after 120s at 17x8 (fast=True)
  probing 7x6 at 17x8 (full)...
  probing 6x5 at 12x8 (fast)...
  probing 6x5 at 12x8 (full)...
    timeout after 120s at 18x8 (fast=True)
  probing 5x7 at 18x8 (full)...
  probing 6x5 at 13x8 (fast)...
    timeout after 120s at 14x9 (fast=True)
  probing 5x8 at 14x9 (full)...
    timeout after 120s at 18x8 (fast=True)
  probing 6x7 at 18x8 (full)...
    timeout after 120s at 13x8 (fast=True)
  probing 6x5 at 13x8 (full)...
    timeout after 300s at 14x9 (fast=False)
  probing 8x7 at 15x9 (fast)...
    timeout after 300s at 13x9 (fast=False)
  probing 8x5 at 14x9 (fast)...
    timeout after 300s at 17x8 (fast=False)
  probing 7x6 at 18x8 (fast)...
    timeout after 300s at 18x8 (fast=False)
  probing 5x7 at 19x8 (fast)...
    timeout after 120s at 15x9 (fast=True)
  probing 8x7 at 15x9 (full)...
    timeout after 120s at 14x9 (fast=True)
  probing 8x5 at 14x9 (full)...
    timeout after 300s at 14x9 (fast=False)
  probing 5x8 at 15x9 (fast)...
    timeout after 300s at 18x8 (fast=False)
  probing 6x7 at 19x8 (fast)...
    timeout after 120s at 18x8 (fast=True)
  probing 7x6 at 18x8 (full)...
    timeout after 120s at 19x8 (fast=True)
  probing 5x7 at 19x8 (full)...
    timeout after 300s at 13x8 (fast=False)
  probing 6x5 at 14x8 (fast)...
    timeout after 120s at 15x9 (fast=True)
  probing 5x8 at 15x9 (full)...
    timeout after 120s at 19x8 (fast=True)
  probing 6x7 at 19x8 (full)...
    timeout after 120s at 14x8 (fast=True)
  probing 6x5 at 14x8 (full)...
    timeout after 300s at 15x9 (fast=False)
  probing 8x7 at 16x9 (fast)...
    timeout after 300s at 14x9 (fast=False)
  probing 8x5 at 15x9 (fast)...
    timeout after 300s at 18x8 (fast=False)
  probing 7x6 at 19x8 (fast)...
    timeout after 300s at 19x8 (fast=False)
  probing 5x7 at 20x8 (fast)...
    timeout after 120s at 16x9 (fast=True)
  probing 8x7 at 16x9 (full)...
    timeout after 120s at 15x9 (fast=True)
  probing 8x5 at 15x9 (full)...
    timeout after 300s at 15x9 (fast=False)
  probing 5x8 at 16x9 (fast)...
    timeout after 300s at 19x8 (fast=False)
  probing 6x7 at 20x8 (fast)...
    timeout after 120s at 19x8 (fast=True)
  probing 7x6 at 19x8 (full)...
    timeout after 120s at 20x8 (fast=True)
  probing 5x7 at 20x8 (full)...
    timeout after 300s at 14x8 (fast=False)
  probing 6x5 at 15x8 (fast)...
    timeout after 120s at 16x9 (fast=True)
  probing 5x8 at 16x9 (full)...
    timeout after 120s at 20x8 (fast=True)
  probing 6x7 at 20x8 (full)...
    timeout after 120s at 15x8 (fast=True)
  probing 6x5 at 15x8 (full)...
    timeout after 300s at 16x9 (fast=False)
  probing 8x7 at 17x9 (fast)...
    timeout after 300s at 15x9 (fast=False)
  probing 8x5 at 16x9 (fast)...
    timeout after 300s at 19x8 (fast=False)
  probing 7x6 at 20x8 (fast)...
    timeout after 300s at 20x8 (fast=False)
  probing 5x7 at 21x8 (fast)...
    timeout after 120s at 17x9 (fast=True)
  probing 8x7 at 17x9 (full)...
    timeout after 120s at 16x9 (fast=True)
  probing 8x5 at 16x9 (full)...
    timeout after 300s at 16x9 (fast=False)
  probing 5x8 at 17x9 (fast)...
    timeout after 300s at 20x8 (fast=False)
  probing 6x7 at 21x8 (fast)...
    timeout after 120s at 20x8 (fast=True)
  probing 7x6 at 20x8 (full)...
    timeout after 120s at 21x8 (fast=True)
  probing 5x7 at 21x8 (full)...
    timeout after 300s at 15x8 (fast=False)
  probing 6x5 at 16x8 (fast)...
    timeout after 120s at 17x9 (fast=True)
  probing 5x8 at 17x9 (full)...
    timeout after 120s at 21x8 (fast=True)
  probing 6x7 at 21x8 (full)...
    timeout after 120s at 16x8 (fast=True)
  probing 6x5 at 16x8 (full)...
    timeout after 300s at 17x9 (fast=False)
  probing 8x7 at 18x9 (fast)...
    timeout after 300s at 16x9 (fast=False)
  probing 8x5 at 17x9 (fast)...
    timeout after 300s at 20x8 (fast=False)
  probing 7x6 at 21x8 (fast)...
    timeout after 300s at 21x8 (fast=False)
  probing 5x7 at 22x8 (fast)...
    timeout after 120s at 18x9 (fast=True)
  probing 8x7 at 18x9 (full)...
    timeout after 120s at 17x9 (fast=True)
  probing 8x5 at 17x9 (full)...
    timeout after 300s at 17x9 (fast=False)
  probing 5x8 at 18x9 (fast)...
    timeout after 300s at 21x8 (fast=False)
  probing 6x7 at 22x8 (fast)...
    timeout after 120s at 21x8 (fast=True)
  probing 7x6 at 21x8 (full)...
    timeout after 120s at 22x8 (fast=True)
  probing 5x7 at 22x8 (full)...
    timeout after 300s at 16x8 (fast=False)
  probing 6x5 at 17x8 (fast)...
    timeout after 120s at 18x9 (fast=True)
  probing 5x8 at 18x9 (full)...
    timeout after 120s at 22x8 (fast=True)
  probing 6x7 at 22x8 (full)...
    timeout after 120s at 17x8 (fast=True)
  probing 6x5 at 17x8 (full)...
    timeout after 300s at 18x9 (fast=False)
  probing 8x7 at 19x9 (fast)...
    timeout after 300s at 17x9 (fast=False)
  probing 8x5 at 18x9 (fast)...
    timeout after 300s at 21x8 (fast=False)
  probing 7x6 at 22x8 (fast)...
    timeout after 300s at 22x8 (fast=False)
  probing 5x7 at 23x8 (fast)...
    timeout after 120s at 19x9 (fast=True)
  probing 8x7 at 19x9 (full)...
    timeout after 120s at 18x9 (fast=True)
  probing 8x5 at 18x9 (full)...
    timeout after 300s at 18x9 (fast=False)
  probing 5x8 at 19x9 (fast)...
    timeout after 300s at 22x8 (fast=False)
  probing 6x7 at 23x8 (fast)...
    timeout after 120s at 22x8 (fast=True)
  probing 7x6 at 22x8 (full)...
    timeout after 120s at 23x8 (fast=True)
  probing 5x7 at 23x8 (full)...
    timeout after 300s at 17x8 (fast=False)
  probing 6x5 at 18x8 (fast)...
    timeout after 120s at 19x9 (fast=True)
  probing 5x8 at 19x9 (full)...
    timeout after 120s at 23x8 (fast=True)
  probing 6x7 at 23x8 (full)...
    timeout after 120s at 18x8 (fast=True)
  probing 6x5 at 18x8 (full)...
    timeout after 300s at 19x9 (fast=False)
  probing 8x7 at 20x9 (fast)...
    timeout after 300s at 18x9 (fast=False)
  probing 8x5 at 19x9 (fast)...
    timeout after 300s at 22x8 (fast=False)
  probing 7x6 at 23x8 (fast)...
    timeout after 300s at 23x8 (fast=False)
  probing 5x7 at 24x8 (fast)...
    timeout after 120s at 20x9 (fast=True)
  probing 8x7 at 20x9 (full)...
    timeout after 120s at 19x9 (fast=True)
  probing 8x5 at 19x9 (full)...
    timeout after 300s at 19x9 (fast=False)
  probing 5x8 at 20x9 (fast)...
    timeout after 300s at 23x8 (fast=False)
  probing 6x7 at 24x8 (fast)...
    timeout after 120s at 23x8 (fast=True)
  probing 7x6 at 23x8 (full)...
    timeout after 120s at 24x8 (fast=True)
  probing 5x7 at 24x8 (full)...
    timeout after 300s at 18x8 (fast=False)
  probing 6x5 at 19x8 (fast)...
    timeout after 120s at 20x9 (fast=True)
  probing 5x8 at 20x9 (full)...
    timeout after 120s at 24x8 (fast=True)
  probing 6x7 at 24x8 (full)...
    timeout after 120s at 19x8 (fast=True)
  probing 6x5 at 19x8 (full)...
    timeout after 300s at 20x9 (fast=False)
  probing 8x7 at 21x9 (fast)...
    timeout after 300s at 19x9 (fast=False)
  probing 8x5 at 20x9 (fast)...
    timeout after 300s at 23x8 (fast=False)
  probing 7x6 at 24x8 (fast)...
    timeout after 300s at 24x8 (fast=False)
  probing 5x7 at 25x8 (fast)...
    timeout after 120s at 21x9 (fast=True)
  probing 8x7 at 21x9 (full)...
    timeout after 120s at 20x9 (fast=True)
  probing 8x5 at 20x9 (full)...
    timeout after 300s at 20x9 (fast=False)
  probing 5x8 at 21x9 (fast)...
    timeout after 300s at 24x8 (fast=False)
  probing 6x7 at 25x8 (fast)...
    timeout after 120s at 24x8 (fast=True)
  probing 7x6 at 24x8 (full)...
    timeout after 120s at 25x8 (fast=True)
  probing 5x7 at 25x8 (full)...
    timeout after 300s at 19x8 (fast=False)
  probing 6x5 at 20x8 (fast)...
    timeout after 120s at 21x9 (fast=True)
  probing 5x8 at 21x9 (full)...
    timeout after 120s at 25x8 (fast=True)
  probing 6x7 at 25x8 (full)...
    timeout after 120s at 20x8 (fast=True)
  probing 6x5 at 20x8 (full)...
    timeout after 300s at 21x9 (fast=False)
  probing 8x7 at 22x9 (fast)...
    timeout after 300s at 20x9 (fast=False)
  probing 8x5 at 21x9 (fast)...
    timeout after 300s at 24x8 (fast=False)
  probing 7x6 at 25x8 (fast)...
    timeout after 300s at 25x8 (fast=False)
  probing 5x7 at 26x8 (fast)...
    timeout after 120s at 22x9 (fast=True)
  probing 8x7 at 22x9 (full)...
    timeout after 120s at 21x9 (fast=True)
  probing 8x5 at 21x9 (full)...
    timeout after 300s at 21x9 (fast=False)
  probing 5x8 at 22x9 (fast)...
    timeout after 300s at 25x8 (fast=False)
  probing 6x7 at 26x8 (fast)...
    timeout after 120s at 25x8 (fast=True)
  probing 7x6 at 25x8 (full)...
    timeout after 120s at 26x8 (fast=True)
  probing 5x7 at 26x8 (full)...
    timeout after 300s at 20x8 (fast=False)
  probing 6x5 at 21x8 (fast)...
    timeout after 120s at 22x9 (fast=True)
  probing 5x8 at 22x9 (full)...
    timeout after 120s at 26x8 (fast=True)
  probing 6x7 at 26x8 (full)...
    timeout after 120s at 21x8 (fast=True)
  probing 6x5 at 21x8 (full)...
    timeout after 300s at 22x9 (fast=False)
  probing 8x7 at 23x9 (fast)...
    timeout after 300s at 21x9 (fast=False)
  probing 8x5 at 22x9 (fast)...
    timeout after 300s at 25x8 (fast=False)
  probing 7x6 at 26x8 (fast)...
    timeout after 300s at 26x8 (fast=False)
  probing 5x7 at 27x8 (fast)...
    timeout after 120s at 23x9 (fast=True)
  probing 8x7 at 23x9 (full)...
    timeout after 120s at 22x9 (fast=True)
  probing 8x5 at 22x9 (full)...
    timeout after 300s at 22x9 (fast=False)
  probing 5x8 at 23x9 (fast)...
    timeout after 300s at 26x8 (fast=False)
  probing 6x7 at 27x8 (fast)...
    timeout after 120s at 26x8 (fast=True)
  probing 7x6 at 26x8 (full)...
    timeout after 120s at 27x8 (fast=True)
  probing 5x7 at 27x8 (full)...
    timeout after 300s at 21x8 (fast=False)
  probing 6x5 at 22x8 (fast)...
    timeout after 120s at 23x9 (fast=True)
  probing 5x8 at 23x9 (full)...
    timeout after 120s at 27x8 (fast=True)
  probing 6x7 at 27x8 (full)...
    timeout after 120s at 22x8 (fast=True)
  probing 6x5 at 22x8 (full)...
  -> solved at 23x9 (full)
  ports: inputs=[(1, 0), (2, 0), (3, 0), (4, 0), (5, 0), (6, 0), (7, 0), (8, 0)], outputs=[(2, 22), (3, 22), (4, 22), (5, 22), (6, 22), (7, 22), (8, 22)]
  footprint: 9W x 23H
    timeout after 300s at 22x9 (fast=False)
  probing 8x5 at 23x9 (fast)...
    timeout after 300s at 26x8 (fast=False)
  probing 7x6 at 27x8 (fast)...
    timeout after 300s at 27x8 (fast=False)
  probing 5x7 at 28x8 (fast)...
    timeout after 120s at 23x9 (fast=True)
  probing 8x5 at 23x9 (full)...
    timeout after 300s at 23x9 (fast=False)
  probing 5x8 at 24x9 (fast)...
    timeout after 300s at 27x8 (fast=False)
  probing 6x7 at 28x8 (fast)...
    timeout after 120s at 27x8 (fast=True)
  probing 7x6 at 27x8 (full)...
    timeout after 120s at 28x8 (fast=True)
  probing 5x7 at 28x8 (full)...
    timeout after 300s at 22x8 (fast=False)
  probing 6x5 at 23x8 (fast)...
    timeout after 120s at 24x9 (fast=True)
  probing 5x8 at 24x9 (full)...
    timeout after 120s at 28x8 (fast=True)
  probing 6x7 at 28x8 (full)...
    timeout after 120s at 23x8 (fast=True)
  probing 6x5 at 23x8 (full)...
    timeout after 300s at 23x9 (fast=False)
  probing 8x5 at 24x9 (fast)...
    timeout after 300s at 27x8 (fast=False)
  probing 7x6 at 28x8 (fast)...
    timeout after 300s at 28x8 (fast=False)
  probing 5x7 at 29x8 (fast)...
    timeout after 120s at 24x9 (fast=True)
  probing 8x5 at 24x9 (full)...
    timeout after 300s at 24x9 (fast=False)
  probing 5x8 at 25x9 (fast)...
    timeout after 300s at 28x8 (fast=False)
  probing 6x7 at 29x8 (fast)...
    timeout after 120s at 28x8 (fast=True)
  probing 7x6 at 28x8 (full)...
    timeout after 120s at 29x8 (fast=True)
  probing 5x7 at 29x8 (full)...
    timeout after 300s at 23x8 (fast=False)
  probing 6x5 at 24x8 (fast)...
    timeout after 120s at 25x9 (fast=True)
  probing 5x8 at 25x9 (full)...
    timeout after 120s at 29x8 (fast=True)
  probing 6x7 at 29x8 (full)...
    timeout after 120s at 24x8 (fast=True)
  probing 6x5 at 24x8 (full)...
    timeout after 300s at 24x9 (fast=False)
  probing 8x5 at 25x9 (fast)...
    timeout after 300s at 28x8 (fast=False)
  probing 7x6 at 29x8 (fast)...
    timeout after 300s at 29x8 (fast=False)
  probing 5x7 at 30x8 (fast)...
    timeout after 120s at 25x9 (fast=True)
  probing 8x5 at 25x9 (full)...
    timeout after 300s at 25x9 (fast=False)
  probing 5x8 at 26x9 (fast)...
    timeout after 300s at 29x8 (fast=False)
  probing 6x7 at 30x8 (fast)...
    timeout after 120s at 29x8 (fast=True)
  probing 7x6 at 29x8 (full)...
    timeout after 120s at 30x8 (fast=True)
  probing 5x7 at 30x8 (full)...
    timeout after 300s at 24x8 (fast=False)
  probing 6x5 at 25x8 (fast)...
    timeout after 120s at 26x9 (fast=True)
  probing 5x8 at 26x9 (full)...
    timeout after 120s at 30x8 (fast=True)
  probing 6x7 at 30x8 (full)...
    timeout after 120s at 25x8 (fast=True)
  probing 6x5 at 25x8 (full)...
    timeout after 300s at 25x9 (fast=False)
  probing 8x5 at 26x9 (fast)...
    timeout after 300s at 29x8 (fast=False)
  probing 7x6 at 30x8 (fast)...
    timeout after 300s at 30x8 (fast=False)
  probing 5x7 at 31x8 (fast)...
    timeout after 120s at 26x9 (fast=True)
  probing 8x5 at 26x9 (full)...
    timeout after 300s at 26x9 (fast=False)
  probing 5x8 at 27x9 (fast)...
    timeout after 300s at 30x8 (fast=False)
  probing 6x7 at 31x8 (fast)...
    timeout after 120s at 30x8 (fast=True)
  probing 7x6 at 30x8 (full)...
    timeout after 120s at 31x8 (fast=True)
  probing 5x7 at 31x8 (full)...
    timeout after 300s at 25x8 (fast=False)
  probing 6x5 at 26x8 (fast)...
    timeout after 120s at 27x9 (fast=True)
  probing 5x8 at 27x9 (full)...
    timeout after 120s at 31x8 (fast=True)
  probing 6x7 at 31x8 (full)...
    timeout after 120s at 26x8 (fast=True)
  probing 6x5 at 26x8 (full)...
    timeout after 300s at 26x9 (fast=False)
  probing 8x5 at 27x9 (fast)...
  -> solved at 26x8 (full)
  ports: inputs=[(1, 0), (2, 0), (3, 0), (4, 0), (5, 0), (6, 0)], outputs=[(3, 25), (4, 25), (5, 25), (6, 25), (7, 25)]
  footprint: 8W x 26H
    timeout after 300s at 30x8 (fast=False)
  probing 7x6 at 31x8 (fast)...
    timeout after 300s at 31x8 (fast=False)
  probing 5x7 at 32x8 (fast)...
    timeout after 120s at 27x9 (fast=True)
  probing 8x5 at 27x9 (full)...
    timeout after 300s at 27x9 (fast=False)
  probing 5x8 at 28x9 (fast)...
    timeout after 300s at 31x8 (fast=False)
  probing 6x7 at 32x8 (fast)...
    timeout after 120s at 31x8 (fast=True)
  probing 7x6 at 31x8 (full)...
    timeout after 120s at 32x8 (fast=True)
  probing 5x7 at 32x8 (full)...
    timeout after 120s at 28x9 (fast=True)
  probing 5x8 at 28x9 (full)...
    timeout after 120s at 32x8 (fast=True)
  probing 6x7 at 32x8 (full)...
    timeout after 300s at 27x9 (fast=False)
  probing 8x5 at 28x9 (fast)...
    timeout after 300s at 31x8 (fast=False)
  probing 7x6 at 32x8 (fast)...
    timeout after 300s at 32x8 (fast=False)
  probing 5x7 at 33x8 (fast)...
    timeout after 120s at 28x9 (fast=True)
  probing 8x5 at 28x9 (full)...
    timeout after 300s at 28x9 (fast=False)
  probing 5x8 at 29x9 (fast)...
    timeout after 300s at 32x8 (fast=False)
  probing 6x7 at 33x8 (fast)...
    timeout after 120s at 32x8 (fast=True)
  probing 7x6 at 32x8 (full)...
    timeout after 120s at 33x8 (fast=True)
  probing 5x7 at 33x8 (full)...
    timeout after 120s at 29x9 (fast=True)
  probing 5x8 at 29x9 (full)...
    timeout after 120s at 33x8 (fast=True)
  probing 6x7 at 33x8 (full)...
    timeout after 300s at 28x9 (fast=False)
  probing 8x5 at 29x9 (fast)...
    timeout after 300s at 32x8 (fast=False)
  probing 7x6 at 33x8 (fast)...
    timeout after 300s at 33x8 (fast=False)
  probing 5x7 at 34x8 (fast)...
    timeout after 120s at 29x9 (fast=True)
  probing 8x5 at 29x9 (full)...
    timeout after 300s at 29x9 (fast=False)
  probing 5x8 at 30x9 (fast)...
    timeout after 300s at 33x8 (fast=False)
  probing 6x7 at 34x8 (fast)...
    timeout after 120s at 33x8 (fast=True)
  probing 7x6 at 33x8 (full)...
    timeout after 120s at 34x8 (fast=True)
  probing 5x7 at 34x8 (full)...
    timeout after 120s at 30x9 (fast=True)
  probing 5x8 at 30x9 (full)...
    timeout after 120s at 34x8 (fast=True)
  probing 6x7 at 34x8 (full)...
    timeout after 300s at 29x9 (fast=False)
  probing 8x5 at 30x9 (fast)...
    timeout after 300s at 33x8 (fast=False)
  probing 7x6 at 34x8 (fast)...
    timeout after 300s at 34x8 (fast=False)
  probing 5x7 at 35x8 (fast)...
    timeout after 120s at 30x9 (fast=True)
  probing 8x5 at 30x9 (full)...
    timeout after 300s at 30x9 (fast=False)
  probing 5x8 at 31x9 (fast)...
    timeout after 300s at 34x8 (fast=False)
  probing 6x7 at 35x8 (fast)...
    timeout after 120s at 34x8 (fast=True)
  probing 7x6 at 34x8 (full)...
    timeout after 120s at 35x8 (fast=True)
  probing 5x7 at 35x8 (full)...
    timeout after 120s at 31x9 (fast=True)
  probing 5x8 at 31x9 (full)...
    timeout after 120s at 35x8 (fast=True)
  probing 6x7 at 35x8 (full)...
    timeout after 300s at 30x9 (fast=False)
  probing 8x5 at 31x9 (fast)...
    timeout after 300s at 34x8 (fast=False)
  probing 7x6 at 35x8 (fast)...
    timeout after 300s at 35x8 (fast=False)
  probing 5x7 at 36x8 (fast)...
    timeout after 120s at 31x9 (fast=True)
  probing 8x5 at 31x9 (full)...
    timeout after 300s at 31x9 (fast=False)
  probing 5x8 at 32x9 (fast)...
    timeout after 300s at 35x8 (fast=False)
  probing 6x7 at 36x8 (fast)...
    timeout after 120s at 35x8 (fast=True)
  probing 7x6 at 35x8 (full)...
    timeout after 120s at 36x8 (fast=True)
  probing 5x7 at 36x8 (full)...
    timeout after 120s at 32x9 (fast=True)
  probing 5x8 at 32x9 (full)...
    timeout after 120s at 36x8 (fast=True)
  probing 6x7 at 36x8 (full)...
    timeout after 300s at 31x9 (fast=False)
  probing 8x5 at 32x9 (fast)...
    timeout after 300s at 35x8 (fast=False)
  probing 7x6 at 36x8 (fast)...
    timeout after 300s at 36x8 (fast=False)
  probing 5x7 at 37x8 (fast)...
    timeout after 120s at 32x9 (fast=True)
  probing 8x5 at 32x9 (full)...
    timeout after 300s at 32x9 (fast=False)
  probing 5x8 at 33x9 (fast)...
    timeout after 300s at 36x8 (fast=False)
  probing 6x7 at 37x8 (fast)...
    timeout after 120s at 36x8 (fast=True)
  probing 7x6 at 36x8 (full)...
    timeout after 120s at 37x8 (fast=True)
  probing 5x7 at 37x8 (full)...
    timeout after 120s at 33x9 (fast=True)
  probing 5x8 at 33x9 (full)...
    timeout after 120s at 37x8 (fast=True)
  probing 6x7 at 37x8 (full)...
    timeout after 300s at 32x9 (fast=False)
  probing 8x5 at 33x9 (fast)...
    timeout after 300s at 36x8 (fast=False)
  probing 7x6 at 37x8 (fast)...
    timeout after 300s at 37x8 (fast=False)
  probing 5x7 at 38x8 (fast)...
    timeout after 120s at 33x9 (fast=True)
  probing 8x5 at 33x9 (full)...
    timeout after 300s at 33x9 (fast=False)
  probing 5x8 at 34x9 (fast)...
    timeout after 300s at 37x8 (fast=False)
  probing 6x7 at 38x8 (fast)...
    timeout after 120s at 37x8 (fast=True)
  probing 7x6 at 37x8 (full)...
    timeout after 120s at 38x8 (fast=True)
  probing 5x7 at 38x8 (full)...
    timeout after 120s at 34x9 (fast=True)
  probing 5x8 at 34x9 (full)...
    timeout after 120s at 38x8 (fast=True)
  probing 6x7 at 38x8 (full)...
    timeout after 300s at 33x9 (fast=False)
  probing 8x5 at 34x9 (fast)...
    timeout after 300s at 37x8 (fast=False)
  probing 7x6 at 38x8 (fast)...
    timeout after 300s at 38x8 (fast=False)
  probing 5x7 at 39x8 (fast)...
    timeout after 120s at 34x9 (fast=True)
  probing 8x5 at 34x9 (full)...
    timeout after 300s at 34x9 (fast=False)
  probing 5x8 at 35x9 (fast)...
    timeout after 300s at 38x8 (fast=False)
  probing 6x7 at 39x8 (fast)...
    timeout after 120s at 38x8 (fast=True)
  probing 7x6 at 38x8 (full)...
    timeout after 120s at 39x8 (fast=True)
  probing 5x7 at 39x8 (full)...
    timeout after 120s at 35x9 (fast=True)
  probing 5x8 at 35x9 (full)...
    timeout after 120s at 39x8 (fast=True)
  probing 6x7 at 39x8 (full)...
    timeout after 300s at 34x9 (fast=False)
  probing 8x5 at 35x9 (fast)...
    timeout after 300s at 38x8 (fast=False)
  probing 7x6 at 39x8 (fast)...
    timeout after 300s at 39x8 (fast=False)
  probing 5x7 at 40x8 (fast)...
    timeout after 120s at 35x9 (fast=True)
  probing 8x5 at 35x9 (full)...
    timeout after 300s at 35x9 (fast=False)
  probing 5x8 at 36x9 (fast)...
    timeout after 300s at 39x8 (fast=False)
  probing 6x7 at 40x8 (fast)...
    timeout after 120s at 39x8 (fast=True)
  probing 7x6 at 39x8 (full)...
    timeout after 120s at 40x8 (fast=True)
  probing 5x7 at 40x8 (full)...
    timeout after 120s at 36x9 (fast=True)
  probing 5x8 at 36x9 (full)...
    timeout after 120s at 40x8 (fast=True)
  probing 6x7 at 40x8 (full)...
    timeout after 300s at 35x9 (fast=False)
  probing 8x5 at 36x9 (fast)...
    timeout after 300s at 39x8 (fast=False)
  probing 7x6 at 40x8 (fast)...
    timeout after 300s at 40x8 (fast=False)
  probing 5x7 at 3x9 (fast)...
  probing 5x7 at 4x9 (fast)...
  probing 5x7 at 5x9 (fast)...
  probing 5x7 at 6x9 (fast)...
  probing 5x7 at 7x9 (fast)...
  probing 5x7 at 7x9 (full)...
  probing 5x7 at 8x9 (fast)...
  probing 5x7 at 8x9 (full)...
  probing 5x7 at 9x9 (fast)...
  probing 5x7 at 9x9 (full)...
  probing 5x7 at 10x9 (fast)...
  probing 5x7 at 10x9 (full)...
  probing 5x7 at 11x9 (fast)...
    timeout after 120s at 36x9 (fast=True)
  probing 8x5 at 36x9 (full)...
  probing 5x7 at 11x9 (full)...
    timeout after 300s at 36x9 (fast=False)
  probing 5x8 at 37x9 (fast)...
  probing 5x7 at 12x9 (fast)...
    timeout after 300s at 40x8 (fast=False)
  probing 6x7 at 3x9 (fast)...
  probing 6x7 at 4x9 (fast)...
  probing 6x7 at 5x9 (fast)...
  probing 6x7 at 6x9 (fast)...
  probing 6x7 at 7x9 (fast)...
  probing 6x7 at 7x9 (full)...
  probing 6x7 at 8x9 (fast)...
  probing 6x7 at 8x9 (full)...
  probing 6x7 at 9x9 (fast)...
  probing 6x7 at 9x9 (full)...
  probing 6x7 at 10x9 (fast)...
  probing 6x7 at 10x9 (full)...
  probing 6x7 at 11x9 (fast)...
    timeout after 120s at 40x8 (fast=True)
  probing 7x6 at 40x8 (full)...
  probing 6x7 at 11x9 (full)...
  probing 6x7 at 12x9 (fast)...
    timeout after 120s at 37x9 (fast=True)
  probing 5x8 at 37x9 (full)...
    timeout after 120s at 12x9 (fast=True)
  probing 5x7 at 12x9 (full)...
    timeout after 120s at 12x9 (fast=True)
  probing 6x7 at 12x9 (full)...
    timeout after 300s at 36x9 (fast=False)
  probing 8x5 at 37x9 (fast)...
    timeout after 300s at 40x8 (fast=False)
  probing 7x6 at 3x9 (fast)...
  probing 7x6 at 4x9 (fast)...
  probing 7x6 at 5x9 (fast)...
  probing 7x6 at 6x9 (fast)...
  probing 7x6 at 7x9 (fast)...
  probing 7x6 at 7x9 (full)...
  probing 7x6 at 8x9 (fast)...
  probing 7x6 at 8x9 (full)...
  probing 7x6 at 9x9 (fast)...
  probing 7x6 at 9x9 (full)...
  probing 7x6 at 10x9 (fast)...
  probing 7x6 at 10x9 (full)...
  probing 7x6 at 11x9 (fast)...
  probing 7x6 at 11x9 (full)...
    timeout after 120s at 37x9 (fast=True)
  probing 8x5 at 37x9 (full)...
  probing 7x6 at 12x9 (fast)...
    timeout after 300s at 37x9 (fast=False)
  probing 5x8 at 38x9 (fast)...
    timeout after 300s at 12x9 (fast=False)
  probing 5x7 at 13x9 (fast)...
    timeout after 300s at 12x9 (fast=False)
  probing 6x7 at 13x9 (fast)...
    timeout after 120s at 12x9 (fast=True)
  probing 7x6 at 12x9 (full)...
    timeout after 120s at 38x9 (fast=True)
  probing 5x8 at 38x9 (full)...
    timeout after 120s at 13x9 (fast=True)
  probing 5x7 at 13x9 (full)...
    timeout after 120s at 13x9 (fast=True)
  probing 6x7 at 13x9 (full)...
    timeout after 300s at 37x9 (fast=False)
  probing 8x5 at 38x9 (fast)...
    timeout after 120s at 38x9 (fast=True)
  probing 8x5 at 38x9 (full)...
    timeout after 300s at 12x9 (fast=False)
  probing 7x6 at 13x9 (fast)...
    timeout after 300s at 38x9 (fast=False)
  probing 5x8 at 39x9 (fast)...
    timeout after 300s at 13x9 (fast=False)
  probing 5x7 at 14x9 (fast)...
    timeout after 300s at 13x9 (fast=False)
  probing 6x7 at 14x9 (fast)...
    timeout after 120s at 13x9 (fast=True)
  probing 7x6 at 13x9 (full)...
    timeout after 120s at 39x9 (fast=True)
  probing 5x8 at 39x9 (full)...
    timeout after 120s at 14x9 (fast=True)
  probing 5x7 at 14x9 (full)...
    timeout after 120s at 14x9 (fast=True)
  probing 6x7 at 14x9 (full)...
    timeout after 300s at 38x9 (fast=False)
  probing 8x5 at 39x9 (fast)...
    timeout after 120s at 39x9 (fast=True)
  probing 8x5 at 39x9 (full)...
    timeout after 300s at 13x9 (fast=False)
  probing 7x6 at 14x9 (fast)...
    timeout after 300s at 39x9 (fast=False)
  probing 5x8 at 40x9 (fast)...
    timeout after 300s at 14x9 (fast=False)
  probing 5x7 at 15x9 (fast)...
    timeout after 300s at 14x9 (fast=False)
  probing 6x7 at 15x9 (fast)...
    timeout after 120s at 14x9 (fast=True)
  probing 7x6 at 14x9 (full)...
    timeout after 120s at 40x9 (fast=True)
  probing 5x8 at 40x9 (full)...
    timeout after 120s at 15x9 (fast=True)
  probing 5x7 at 15x9 (full)...
    timeout after 120s at 15x9 (fast=True)
  probing 6x7 at 15x9 (full)...
    timeout after 300s at 39x9 (fast=False)
  probing 8x5 at 40x9 (fast)...
    timeout after 120s at 40x9 (fast=True)
  probing 8x5 at 40x9 (full)...
    timeout after 300s at 14x9 (fast=False)
  probing 7x6 at 15x9 (fast)...
    timeout after 300s at 40x9 (fast=False)
  probing 5x8 at 3x10 (fast)...
  probing 5x8 at 4x10 (fast)...
  probing 5x8 at 5x10 (fast)...
  probing 5x8 at 6x10 (fast)...
  probing 5x8 at 7x10 (fast)...
  probing 5x8 at 8x10 (fast)...
  probing 5x8 at 8x10 (full)...
    timeout after 300s at 15x9 (fast=False)
  probing 5x7 at 16x9 (fast)...
  probing 5x8 at 9x10 (fast)...
  probing 5x8 at 9x10 (full)...
  probing 5x8 at 10x10 (fast)...
  probing 5x8 at 10x10 (full)...
    timeout after 300s at 15x9 (fast=False)
  probing 6x7 at 16x9 (fast)...
    timeout after 120s at 15x9 (fast=True)
  probing 7x6 at 15x9 (full)...
  probing 5x8 at 11x10 (fast)...
    timeout after 120s at 16x9 (fast=True)
  probing 5x7 at 16x9 (full)...
    timeout after 120s at 16x9 (fast=True)
  probing 6x7 at 16x9 (full)...
    timeout after 120s at 11x10 (fast=True)
  probing 5x8 at 11x10 (full)...
    timeout after 300s at 40x9 (fast=False)
  probing 8x5 at 3x10 (fast)...
  probing 8x5 at 4x10 (fast)...
  probing 8x5 at 5x10 (fast)...
  probing 8x5 at 6x10 (fast)...
  probing 8x5 at 7x10 (fast)...
  probing 8x5 at 8x10 (fast)...
  probing 8x5 at 8x10 (full)...
  probing 8x5 at 9x10 (fast)...
  probing 8x5 at 9x10 (full)...
  probing 8x5 at 10x10 (fast)...
  probing 8x5 at 10x10 (full)...
  probing 8x5 at 11x10 (fast)...
    timeout after 300s at 15x9 (fast=False)
  probing 7x6 at 16x9 (fast)...
    timeout after 300s at 16x9 (fast=False)
  probing 5x7 at 17x9 (fast)...
    timeout after 120s at 11x10 (fast=True)
  probing 8x5 at 11x10 (full)...
    timeout after 300s at 16x9 (fast=False)
  probing 6x7 at 17x9 (fast)...
    timeout after 120s at 16x9 (fast=True)
  probing 7x6 at 16x9 (full)...
    timeout after 300s at 11x10 (fast=False)
  probing 5x8 at 12x10 (fast)...
    timeout after 120s at 17x9 (fast=True)
  probing 5x7 at 17x9 (full)...
    timeout after 120s at 17x9 (fast=True)
  probing 6x7 at 17x9 (full)...
    timeout after 120s at 12x10 (fast=True)
  probing 5x8 at 12x10 (full)...
    timeout after 300s at 11x10 (fast=False)
  probing 8x5 at 12x10 (fast)...
    timeout after 300s at 16x9 (fast=False)
  probing 7x6 at 17x9 (fast)...
    timeout after 300s at 17x9 (fast=False)
  probing 5x7 at 18x9 (fast)...
    timeout after 120s at 12x10 (fast=True)
  probing 8x5 at 12x10 (full)...
    timeout after 300s at 17x9 (fast=False)
  probing 6x7 at 18x9 (fast)...
    timeout after 120s at 17x9 (fast=True)
  probing 7x6 at 17x9 (full)...
    timeout after 300s at 12x10 (fast=False)
  probing 5x8 at 13x10 (fast)...
    timeout after 120s at 18x9 (fast=True)
  probing 5x7 at 18x9 (full)...
    timeout after 120s at 18x9 (fast=True)
  probing 6x7 at 18x9 (full)...
    timeout after 120s at 13x10 (fast=True)
  probing 5x8 at 13x10 (full)...
    timeout after 300s at 12x10 (fast=False)
  probing 8x5 at 13x10 (fast)...
    timeout after 300s at 17x9 (fast=False)
  probing 7x6 at 18x9 (fast)...
    timeout after 300s at 18x9 (fast=False)
  probing 5x7 at 19x9 (fast)...
    timeout after 120s at 13x10 (fast=True)
  probing 8x5 at 13x10 (full)...
    timeout after 300s at 18x9 (fast=False)
  probing 6x7 at 19x9 (fast)...
    timeout after 120s at 18x9 (fast=True)
  probing 7x6 at 18x9 (full)...
    timeout after 300s at 13x10 (fast=False)
  probing 5x8 at 14x10 (fast)...
    timeout after 120s at 19x9 (fast=True)
  probing 5x7 at 19x9 (full)...
    timeout after 120s at 19x9 (fast=True)
  probing 6x7 at 19x9 (full)...
    timeout after 120s at 14x10 (fast=True)
  probing 5x8 at 14x10 (full)...
    timeout after 300s at 13x10 (fast=False)
  probing 8x5 at 14x10 (fast)...
    timeout after 300s at 18x9 (fast=False)
  probing 7x6 at 19x9 (fast)...
    timeout after 300s at 19x9 (fast=False)
  probing 5x7 at 20x9 (fast)...
    timeout after 120s at 14x10 (fast=True)
  probing 8x5 at 14x10 (full)...
    timeout after 300s at 19x9 (fast=False)
  probing 6x7 at 20x9 (fast)...
    timeout after 120s at 19x9 (fast=True)
  probing 7x6 at 19x9 (full)...
    timeout after 300s at 14x10 (fast=False)
  probing 5x8 at 15x10 (fast)...
    timeout after 120s at 20x9 (fast=True)
  probing 5x7 at 20x9 (full)...
    timeout after 120s at 20x9 (fast=True)
  probing 6x7 at 20x9 (full)...
    timeout after 120s at 15x10 (fast=True)
  probing 5x8 at 15x10 (full)...
    timeout after 300s at 14x10 (fast=False)
  probing 8x5 at 15x10 (fast)...
    timeout after 300s at 19x9 (fast=False)
  probing 7x6 at 20x9 (fast)...
    timeout after 300s at 20x9 (fast=False)
  probing 5x7 at 21x9 (fast)...
    timeout after 120s at 15x10 (fast=True)
  probing 8x5 at 15x10 (full)...
    timeout after 300s at 20x9 (fast=False)
  probing 6x7 at 21x9 (fast)...
    timeout after 120s at 20x9 (fast=True)
  probing 7x6 at 20x9 (full)...
    timeout after 300s at 15x10 (fast=False)
  probing 5x8 at 16x10 (fast)...
    timeout after 120s at 21x9 (fast=True)
  probing 5x7 at 21x9 (full)...
    timeout after 120s at 21x9 (fast=True)
  probing 6x7 at 21x9 (full)...
    timeout after 120s at 16x10 (fast=True)
  probing 5x8 at 16x10 (full)...
    timeout after 300s at 15x10 (fast=False)
  probing 8x5 at 16x10 (fast)...
    timeout after 300s at 20x9 (fast=False)
  probing 7x6 at 21x9 (fast)...
    timeout after 300s at 21x9 (fast=False)
  probing 5x7 at 22x9 (fast)...
    timeout after 120s at 16x10 (fast=True)
  probing 8x5 at 16x10 (full)...
    timeout after 300s at 21x9 (fast=False)
  probing 6x7 at 22x9 (fast)...
    timeout after 120s at 21x9 (fast=True)
  probing 7x6 at 21x9 (full)...
    timeout after 300s at 16x10 (fast=False)
  probing 5x8 at 17x10 (fast)...
    timeout after 120s at 22x9 (fast=True)
  probing 5x7 at 22x9 (full)...
    timeout after 120s at 22x9 (fast=True)
  probing 6x7 at 22x9 (full)...
    timeout after 120s at 17x10 (fast=True)
  probing 5x8 at 17x10 (full)...
    timeout after 300s at 16x10 (fast=False)
  probing 8x5 at 17x10 (fast)...
    timeout after 300s at 21x9 (fast=False)
  probing 7x6 at 22x9 (fast)...
    timeout after 300s at 22x9 (fast=False)
  probing 5x7 at 23x9 (fast)...
    timeout after 120s at 17x10 (fast=True)
  probing 8x5 at 17x10 (full)...
    timeout after 300s at 22x9 (fast=False)
  probing 6x7 at 23x9 (fast)...
    timeout after 120s at 22x9 (fast=True)
  probing 7x6 at 22x9 (full)...
    timeout after 300s at 17x10 (fast=False)
  probing 5x8 at 18x10 (fast)...
    timeout after 120s at 23x9 (fast=True)
  probing 5x7 at 23x9 (full)...
    timeout after 120s at 23x9 (fast=True)
  probing 6x7 at 23x9 (full)...
    timeout after 120s at 18x10 (fast=True)
  probing 5x8 at 18x10 (full)...
    timeout after 300s at 17x10 (fast=False)
  probing 8x5 at 18x10 (fast)...
    timeout after 300s at 22x9 (fast=False)
  probing 7x6 at 23x9 (fast)...
    timeout after 300s at 23x9 (fast=False)
  probing 5x7 at 24x9 (fast)...
    timeout after 120s at 18x10 (fast=True)
  probing 8x5 at 18x10 (full)...
    timeout after 300s at 23x9 (fast=False)
  probing 6x7 at 24x9 (fast)...
    timeout after 120s at 23x9 (fast=True)
  probing 7x6 at 23x9 (full)...
    timeout after 300s at 18x10 (fast=False)
  probing 5x8 at 19x10 (fast)...
    timeout after 120s at 24x9 (fast=True)
  probing 5x7 at 24x9 (full)...
    timeout after 120s at 24x9 (fast=True)
  probing 6x7 at 24x9 (full)...
    timeout after 120s at 19x10 (fast=True)
  probing 5x8 at 19x10 (full)...
    timeout after 300s at 18x10 (fast=False)
  probing 8x5 at 19x10 (fast)...
    timeout after 300s at 23x9 (fast=False)
  probing 7x6 at 24x9 (fast)...
    timeout after 300s at 24x9 (fast=False)
  probing 5x7 at 25x9 (fast)...
    timeout after 120s at 19x10 (fast=True)
  probing 8x5 at 19x10 (full)...
    timeout after 300s at 24x9 (fast=False)
  probing 6x7 at 25x9 (fast)...
    timeout after 120s at 24x9 (fast=True)
  probing 7x6 at 24x9 (full)...
    timeout after 300s at 19x10 (fast=False)
  probing 5x8 at 20x10 (fast)...
    timeout after 120s at 25x9 (fast=True)
  probing 5x7 at 25x9 (full)...
    timeout after 120s at 25x9 (fast=True)
  probing 6x7 at 25x9 (full)...
    timeout after 120s at 20x10 (fast=True)
  probing 5x8 at 20x10 (full)...
    timeout after 300s at 19x10 (fast=False)
  probing 8x5 at 20x10 (fast)...
    timeout after 300s at 24x9 (fast=False)
  probing 7x6 at 25x9 (fast)...
    timeout after 300s at 25x9 (fast=False)
  probing 5x7 at 26x9 (fast)...
    timeout after 120s at 20x10 (fast=True)
  probing 8x5 at 20x10 (full)...
    timeout after 300s at 25x9 (fast=False)
  probing 6x7 at 26x9 (fast)...
    timeout after 120s at 25x9 (fast=True)
  probing 7x6 at 25x9 (full)...
    timeout after 300s at 20x10 (fast=False)
  probing 5x8 at 21x10 (fast)...
    timeout after 120s at 26x9 (fast=True)
  probing 5x7 at 26x9 (full)...
